  [1m[35m (19.0ms)[0m  [1m[35mCREATE TABLE "schema_migrations" ("version" character varying PRIMARY KEY)[0m
  [1m[35m (25.5ms)[0m  [1m[35mCREATE TABLE "ar_internal_metadata" ("key" character varying PRIMARY KEY, "value" character varying, "created_at" timestamp NOT NULL, "updated_at" timestamp NOT NULL)[0m
  [1m[35m (0.2ms)[0m  [1m[34mSELECT pg_try_advisory_lock(4881866303549157300);[0m
  [1m[36mActiveRecord::SchemaMigration Load (0.4ms)[0m  [1m[34mSELECT "schema_migrations".* FROM "schema_migrations"[0m
Migrating to CreateUsers (20160812153226)
  [1m[35m (0.1ms)[0m  [1m[35mBEGIN[0m
  [1m[35m (26.9ms)[0m  [1m[35mCREATE TABLE "users" ("id" serial primary key, "first_name" character varying, "last_name" character varying, "hometown" character varying, "password_digest" character varying, "tagline" character varying, "created_at" timestamp NOT NULL, "updated_at" timestamp NOT NULL)[0m
  [1m[35mSQL (11.5ms)[0m  [1m[32mINSERT INTO "schema_migrations" ("version") VALUES ($1) RETURNING "version"[0m  [["version", "20160812153226"]]
  [1m[35m (11.8ms)[0m  [1m[35mCOMMIT[0m
Migrating to CreatePlayers (20160812154940)
  [1m[35m (6.1ms)[0m  [1m[35mBEGIN[0m
  [1m[35m (8.5ms)[0m  [1m[35mCREATE TABLE "players" ("id" serial primary key, "board_id" integer, "user_id" integer, "points" integer, "created_at" timestamp NOT NULL, "updated_at" timestamp NOT NULL)[0m
  [1m[35mSQL (0.2ms)[0m  [1m[32mINSERT INTO "schema_migrations" ("version") VALUES ($1) RETURNING "version"[0m  [["version", "20160812154940"]]
  [1m[35m (6.3ms)[0m  [1m[35mCOMMIT[0m
Migrating to CreateBoards (20160812155446)
  [1m[35m (6.1ms)[0m  [1m[35mBEGIN[0m
  [1m[35m (14.7ms)[0m  [1m[35mCREATE TABLE "boards" ("id" serial primary key, "topic" character varying, "created_at" timestamp NOT NULL, "updated_at" timestamp NOT NULL)[0m
  [1m[35mSQL (0.2ms)[0m  [1m[32mINSERT INTO "schema_migrations" ("version") VALUES ($1) RETURNING "version"[0m  [["version", "20160812155446"]]
  [1m[35m (5.0ms)[0m  [1m[35mCOMMIT[0m
Migrating to CreateCategories (20160812155534)
  [1m[35m (5.6ms)[0m  [1m[35mBEGIN[0m
  [1m[35m (16.1ms)[0m  [1m[35mCREATE TABLE "categories" ("id" serial primary key, "board_id" integer, "name" character varying, "created_at" timestamp NOT NULL, "updated_at" timestamp NOT NULL)[0m
  [1m[35mSQL (0.2ms)[0m  [1m[32mINSERT INTO "schema_migrations" ("version") VALUES ($1) RETURNING "version"[0m  [["version", "20160812155534"]]
  [1m[35m (0.4ms)[0m  [1m[35mCOMMIT[0m
Migrating to CreateQuestions (20160812155559)
  [1m[35m (5.5ms)[0m  [1m[35mBEGIN[0m
  [1m[35m (14.8ms)[0m  [1m[35mCREATE TABLE "questions" ("id" serial primary key, "category_id" integer, "difficulty" integer, "content" character varying, "created_at" timestamp NOT NULL, "updated_at" timestamp NOT NULL)[0m
  [1m[35mSQL (0.3ms)[0m  [1m[32mINSERT INTO "schema_migrations" ("version") VALUES ($1) RETURNING "version"[0m  [["version", "20160812155559"]]
  [1m[35m (6.2ms)[0m  [1m[35mCOMMIT[0m
Migrating to CreateOptions (20160812155644)
  [1m[35m (6.2ms)[0m  [1m[35mBEGIN[0m
  [1m[35m (15.1ms)[0m  [1m[35mCREATE TABLE "options" ("id" serial primary key, "question_id" integer, "correct" boolean, "content" character varying, "created_at" timestamp NOT NULL, "updated_at" timestamp NOT NULL)[0m
  [1m[35mSQL (0.2ms)[0m  [1m[32mINSERT INTO "schema_migrations" ("version") VALUES ($1) RETURNING "version"[0m  [["version", "20160812155644"]]
  [1m[35m (5.0ms)[0m  [1m[35mCOMMIT[0m
  [1m[36mActiveRecord::InternalMetadata Load (0.2ms)[0m  [1m[34mSELECT  "ar_internal_metadata".* FROM "ar_internal_metadata" WHERE "ar_internal_metadata"."key" = $1 LIMIT $2[0m  [["key", :environment], ["LIMIT", 1]]
  [1m[35m (0.2ms)[0m  [1m[35mBEGIN[0m
  [1m[35mSQL (0.4ms)[0m  [1m[32mINSERT INTO "ar_internal_metadata" ("key", "value", "created_at", "updated_at") VALUES ($1, $2, $3, $4) RETURNING "key"[0m  [["key", "environment"], ["value", "development"], ["created_at", 2016-08-12 20:57:47 UTC], ["updated_at", 2016-08-12 20:57:47 UTC]]
  [1m[35m (0.3ms)[0m  [1m[35mCOMMIT[0m
  [1m[35m (0.1ms)[0m  [1m[34mSELECT pg_advisory_unlock(4881866303549157300)[0m
  [1m[36mActiveRecord::SchemaMigration Load (0.1ms)[0m  [1m[34mSELECT "schema_migrations".* FROM "schema_migrations"[0m
  [1m[35m (1.8ms)[0m  [1m[34mSELECT t2.oid::regclass::text AS to_table, a1.attname AS column, a2.attname AS primary_key, c.conname AS name, c.confupdtype AS on_update, c.confdeltype AS on_delete
FROM pg_constraint c
JOIN pg_class t1 ON c.conrelid = t1.oid
JOIN pg_class t2 ON c.confrelid = t2.oid
JOIN pg_attribute a1 ON a1.attnum = c.conkey[1] AND a1.attrelid = t1.oid
JOIN pg_attribute a2 ON a2.attnum = c.confkey[1] AND a2.attrelid = t2.oid
JOIN pg_namespace t3 ON c.connamespace = t3.oid
WHERE c.contype = 'f'
  AND t1.relname = 'boards'
  AND t3.nspname = ANY (current_schemas(false))
ORDER BY c.conname
[0m
  [1m[35m (1.5ms)[0m  [1m[34mSELECT t2.oid::regclass::text AS to_table, a1.attname AS column, a2.attname AS primary_key, c.conname AS name, c.confupdtype AS on_update, c.confdeltype AS on_delete
FROM pg_constraint c
JOIN pg_class t1 ON c.conrelid = t1.oid
JOIN pg_class t2 ON c.confrelid = t2.oid
JOIN pg_attribute a1 ON a1.attnum = c.conkey[1] AND a1.attrelid = t1.oid
JOIN pg_attribute a2 ON a2.attnum = c.confkey[1] AND a2.attrelid = t2.oid
JOIN pg_namespace t3 ON c.connamespace = t3.oid
WHERE c.contype = 'f'
  AND t1.relname = 'categories'
  AND t3.nspname = ANY (current_schemas(false))
ORDER BY c.conname
[0m
  [1m[35m (1.4ms)[0m  [1m[34mSELECT t2.oid::regclass::text AS to_table, a1.attname AS column, a2.attname AS primary_key, c.conname AS name, c.confupdtype AS on_update, c.confdeltype AS on_delete
FROM pg_constraint c
JOIN pg_class t1 ON c.conrelid = t1.oid
JOIN pg_class t2 ON c.confrelid = t2.oid
JOIN pg_attribute a1 ON a1.attnum = c.conkey[1] AND a1.attrelid = t1.oid
JOIN pg_attribute a2 ON a2.attnum = c.confkey[1] AND a2.attrelid = t2.oid
JOIN pg_namespace t3 ON c.connamespace = t3.oid
WHERE c.contype = 'f'
  AND t1.relname = 'options'
  AND t3.nspname = ANY (current_schemas(false))
ORDER BY c.conname
[0m
  [1m[35m (1.4ms)[0m  [1m[34mSELECT t2.oid::regclass::text AS to_table, a1.attname AS column, a2.attname AS primary_key, c.conname AS name, c.confupdtype AS on_update, c.confdeltype AS on_delete
FROM pg_constraint c
JOIN pg_class t1 ON c.conrelid = t1.oid
JOIN pg_class t2 ON c.confrelid = t2.oid
JOIN pg_attribute a1 ON a1.attnum = c.conkey[1] AND a1.attrelid = t1.oid
JOIN pg_attribute a2 ON a2.attnum = c.confkey[1] AND a2.attrelid = t2.oid
JOIN pg_namespace t3 ON c.connamespace = t3.oid
WHERE c.contype = 'f'
  AND t1.relname = 'players'
  AND t3.nspname = ANY (current_schemas(false))
ORDER BY c.conname
[0m
  [1m[35m (1.7ms)[0m  [1m[34mSELECT t2.oid::regclass::text AS to_table, a1.attname AS column, a2.attname AS primary_key, c.conname AS name, c.confupdtype AS on_update, c.confdeltype AS on_delete
FROM pg_constraint c
JOIN pg_class t1 ON c.conrelid = t1.oid
JOIN pg_class t2 ON c.confrelid = t2.oid
JOIN pg_attribute a1 ON a1.attnum = c.conkey[1] AND a1.attrelid = t1.oid
JOIN pg_attribute a2 ON a2.attnum = c.confkey[1] AND a2.attrelid = t2.oid
JOIN pg_namespace t3 ON c.connamespace = t3.oid
WHERE c.contype = 'f'
  AND t1.relname = 'questions'
  AND t3.nspname = ANY (current_schemas(false))
ORDER BY c.conname
[0m
  [1m[35m (1.4ms)[0m  [1m[34mSELECT t2.oid::regclass::text AS to_table, a1.attname AS column, a2.attname AS primary_key, c.conname AS name, c.confupdtype AS on_update, c.confdeltype AS on_delete
FROM pg_constraint c
JOIN pg_class t1 ON c.conrelid = t1.oid
JOIN pg_class t2 ON c.confrelid = t2.oid
JOIN pg_attribute a1 ON a1.attnum = c.conkey[1] AND a1.attrelid = t1.oid
JOIN pg_attribute a2 ON a2.attnum = c.confkey[1] AND a2.attrelid = t2.oid
JOIN pg_namespace t3 ON c.connamespace = t3.oid
WHERE c.contype = 'f'
  AND t1.relname = 'users'
  AND t3.nspname = ANY (current_schemas(false))
ORDER BY c.conname
[0m
  [1m[36mActiveRecord::SchemaMigration Load (0.3ms)[0m  [1m[34mSELECT "schema_migrations".* FROM "schema_migrations"[0m
  [1m[35m (0.1ms)[0m  [1m[35mBEGIN[0m
  [1m[35mSQL (6.6ms)[0m  [1m[32mINSERT INTO "boards" ("topic", "created_at", "updated_at") VALUES ($1, $2, $3) RETURNING "id"[0m  [["topic", "math"], ["created_at", 2016-08-12 20:58:01 UTC], ["updated_at", 2016-08-12 20:58:01 UTC]]
  [1m[35m (5.9ms)[0m  [1m[35mCOMMIT[0m
  [1m[35m (0.1ms)[0m  [1m[35mBEGIN[0m
  [1m[35mSQL (6.2ms)[0m  [1m[32mINSERT INTO "categories" ("board_id", "name", "created_at", "updated_at") VALUES ($1, $2, $3, $4) RETURNING "id"[0m  [["board_id", 1], ["name", "num 1"], ["created_at", 2016-08-12 20:58:01 UTC], ["updated_at", 2016-08-12 20:58:01 UTC]]
  [1m[35m (6.0ms)[0m  [1m[35mCOMMIT[0m
  [1m[35m (0.2ms)[0m  [1m[35mBEGIN[0m
  [1m[35mSQL (6.3ms)[0m  [1m[32mINSERT INTO "questions" ("category_id", "difficulty", "content", "created_at", "updated_at") VALUES ($1, $2, $3, $4, $5) RETURNING "id"[0m  [["category_id", 1], ["difficulty", 100], ["content", "what is 5+5?"], ["created_at", 2016-08-12 20:58:01 UTC], ["updated_at", 2016-08-12 20:58:01 UTC]]
  [1m[35m (6.6ms)[0m  [1m[35mCOMMIT[0m
  [1m[35m (0.1ms)[0m  [1m[35mBEGIN[0m
  [1m[35mSQL (0.6ms)[0m  [1m[32mINSERT INTO "users" ("first_name", "last_name", "hometown", "password_digest", "tagline", "created_at", "updated_at") VALUES ($1, $2, $3, $4, $5, $6, $7) RETURNING "id"[0m  [["first_name", "flat"], ["last_name", "iron"], ["hometown", "philly"], ["password_digest", "flatiron"], ["tagline", "working"], ["created_at", 2016-08-12 20:58:01 UTC], ["updated_at", 2016-08-12 20:58:01 UTC]]
  [1m[35m (0.2ms)[0m  [1m[35mCOMMIT[0m
  [1m[35m (0.1ms)[0m  [1m[35mBEGIN[0m
  [1m[35mSQL (6.5ms)[0m  [1m[32mINSERT INTO "players" ("user_id", "points", "created_at", "updated_at") VALUES ($1, $2, $3, $4) RETURNING "id"[0m  [["user_id", 1], ["points", 100], ["created_at", 2016-08-12 20:58:01 UTC], ["updated_at", 2016-08-12 20:58:01 UTC]]
  [1m[35m (6.1ms)[0m  [1m[35mCOMMIT[0m
  [1m[35m (0.1ms)[0m  [1m[35mBEGIN[0m
  [1m[35mSQL (5.7ms)[0m  [1m[32mINSERT INTO "options" ("question_id", "correct", "content", "created_at", "updated_at") VALUES ($1, $2, $3, $4, $5) RETURNING "id"[0m  [["question_id", 1], ["correct", false], ["content", "5"], ["created_at", 2016-08-12 20:58:01 UTC], ["updated_at", 2016-08-12 20:58:01 UTC]]
  [1m[35m (6.2ms)[0m  [1m[35mCOMMIT[0m
  [1m[35m (0.1ms)[0m  [1m[35mBEGIN[0m
  [1m[35mSQL (0.2ms)[0m  [1m[32mINSERT INTO "options" ("question_id", "correct", "content", "created_at", "updated_at") VALUES ($1, $2, $3, $4, $5) RETURNING "id"[0m  [["question_id", 1], ["correct", false], ["content", "7"], ["created_at", 2016-08-12 20:58:01 UTC], ["updated_at", 2016-08-12 20:58:01 UTC]]
  [1m[35m (5.0ms)[0m  [1m[35mCOMMIT[0m
  [1m[35m (0.1ms)[0m  [1m[35mBEGIN[0m
  [1m[35mSQL (0.2ms)[0m  [1m[32mINSERT INTO "options" ("question_id", "correct", "content", "created_at", "updated_at") VALUES ($1, $2, $3, $4, $5) RETURNING "id"[0m  [["question_id", 1], ["correct", false], ["content", "6"], ["created_at", 2016-08-12 20:58:01 UTC], ["updated_at", 2016-08-12 20:58:01 UTC]]
  [1m[35m (0.4ms)[0m  [1m[35mCOMMIT[0m
  [1m[35m (0.1ms)[0m  [1m[35mBEGIN[0m
  [1m[35mSQL (0.2ms)[0m  [1m[32mINSERT INTO "options" ("question_id", "correct", "content", "created_at", "updated_at") VALUES ($1, $2, $3, $4, $5) RETURNING "id"[0m  [["question_id", 1], ["correct", true], ["content", "10"], ["created_at", 2016-08-12 20:58:01 UTC], ["updated_at", 2016-08-12 20:58:01 UTC]]
  [1m[35m (0.3ms)[0m  [1m[35mCOMMIT[0m
  [1m[36mBoard Load (0.3ms)[0m  [1m[34mSELECT "boards".* FROM "boards"[0m
  [1m[36mBoard Load (0.4ms)[0m  [1m[34mSELECT "boards".* FROM "boards"[0m
Started GET "/" for ::1 at 2016-08-12 17:04:55 -0400
  [1m[36mActiveRecord::SchemaMigration Load (0.7ms)[0m  [1m[34mSELECT "schema_migrations".* FROM "schema_migrations"[0m
Processing by Rails::WelcomeController#index as HTML
  Parameters: {"internal"=>true}
  Rendering /Users/gust/.rvm/gems/ruby-2.3.0/gems/railties-5.0.0.1/lib/rails/templates/rails/welcome/index.html.erb
  Rendered /Users/gust/.rvm/gems/ruby-2.3.0/gems/railties-5.0.0.1/lib/rails/templates/rails/welcome/index.html.erb (4.3ms)
Completed 200 OK in 14ms (Views: 11.0ms | ActiveRecord: 0.0ms)


Started GET "/" for ::1 at 2016-08-12 17:04:55 -0400
Processing by Rails::WelcomeController#index as HTML
  Parameters: {"internal"=>true}
  Rendering /Users/gust/.rvm/gems/ruby-2.3.0/gems/railties-5.0.0.1/lib/rails/templates/rails/welcome/index.html.erb
  Rendered /Users/gust/.rvm/gems/ruby-2.3.0/gems/railties-5.0.0.1/lib/rails/templates/rails/welcome/index.html.erb (2.4ms)
Completed 200 OK in 5ms (Views: 4.0ms | ActiveRecord: 0.0ms)


Started GET "/" for ::1 at 2016-08-12 17:06:37 -0400
Processing by Rails::WelcomeController#index as HTML
  Parameters: {"internal"=>true}
  Rendering /Users/gust/.rvm/gems/ruby-2.3.0/gems/railties-5.0.0.1/lib/rails/templates/rails/welcome/index.html.erb
  Rendered /Users/gust/.rvm/gems/ruby-2.3.0/gems/railties-5.0.0.1/lib/rails/templates/rails/welcome/index.html.erb (2.3ms)
Completed 200 OK in 5ms (Views: 3.7ms | ActiveRecord: 0.0ms)


Started GET "/favicon.ico" for ::1 at 2016-08-12 17:06:37 -0400
  
ActionController::RoutingError (No route matches [GET] "/favicon.ico"):
  
actionpack (5.0.0.1) lib/action_dispatch/middleware/debug_exceptions.rb:53:in `call'
actionpack (5.0.0.1) lib/action_dispatch/middleware/show_exceptions.rb:31:in `call'
railties (5.0.0.1) lib/rails/rack/logger.rb:36:in `call_app'
railties (5.0.0.1) lib/rails/rack/logger.rb:24:in `block in call'
activesupport (5.0.0.1) lib/active_support/tagged_logging.rb:70:in `block in tagged'
activesupport (5.0.0.1) lib/active_support/tagged_logging.rb:26:in `tagged'
activesupport (5.0.0.1) lib/active_support/tagged_logging.rb:70:in `tagged'
railties (5.0.0.1) lib/rails/rack/logger.rb:24:in `call'
actionpack (5.0.0.1) lib/action_dispatch/middleware/request_id.rb:24:in `call'
rack (2.0.1) lib/rack/runtime.rb:22:in `call'
activesupport (5.0.0.1) lib/active_support/cache/strategy/local_cache_middleware.rb:28:in `call'
actionpack (5.0.0.1) lib/action_dispatch/middleware/executor.rb:12:in `call'
actionpack (5.0.0.1) lib/action_dispatch/middleware/static.rb:136:in `call'
rack (2.0.1) lib/rack/sendfile.rb:111:in `call'
rack-cors (0.4.0) lib/rack/cors.rb:80:in `call'
railties (5.0.0.1) lib/rails/engine.rb:522:in `call'
puma (3.6.0) lib/puma/configuration.rb:225:in `call'
puma (3.6.0) lib/puma/server.rb:578:in `handle_request'
puma (3.6.0) lib/puma/server.rb:415:in `process_client'
puma (3.6.0) lib/puma/server.rb:275:in `block in run'
puma (3.6.0) lib/puma/thread_pool.rb:116:in `block in spawn_thread'
Started GET "/boards" for ::1 at 2016-08-12 17:06:45 -0400
  
ActionController::RoutingError (No route matches [GET] "/boards"):
  
actionpack (5.0.0.1) lib/action_dispatch/middleware/debug_exceptions.rb:53:in `call'
actionpack (5.0.0.1) lib/action_dispatch/middleware/show_exceptions.rb:31:in `call'
railties (5.0.0.1) lib/rails/rack/logger.rb:36:in `call_app'
railties (5.0.0.1) lib/rails/rack/logger.rb:24:in `block in call'
activesupport (5.0.0.1) lib/active_support/tagged_logging.rb:70:in `block in tagged'
activesupport (5.0.0.1) lib/active_support/tagged_logging.rb:26:in `tagged'
activesupport (5.0.0.1) lib/active_support/tagged_logging.rb:70:in `tagged'
railties (5.0.0.1) lib/rails/rack/logger.rb:24:in `call'
actionpack (5.0.0.1) lib/action_dispatch/middleware/request_id.rb:24:in `call'
rack (2.0.1) lib/rack/runtime.rb:22:in `call'
activesupport (5.0.0.1) lib/active_support/cache/strategy/local_cache_middleware.rb:28:in `call'
actionpack (5.0.0.1) lib/action_dispatch/middleware/executor.rb:12:in `call'
actionpack (5.0.0.1) lib/action_dispatch/middleware/static.rb:136:in `call'
rack (2.0.1) lib/rack/sendfile.rb:111:in `call'
rack-cors (0.4.0) lib/rack/cors.rb:80:in `call'
railties (5.0.0.1) lib/rails/engine.rb:522:in `call'
puma (3.6.0) lib/puma/configuration.rb:225:in `call'
puma (3.6.0) lib/puma/server.rb:578:in `handle_request'
puma (3.6.0) lib/puma/server.rb:415:in `process_client'
puma (3.6.0) lib/puma/server.rb:275:in `block in run'
puma (3.6.0) lib/puma/thread_pool.rb:116:in `block in spawn_thread'
Started GET "/board" for ::1 at 2016-08-12 17:06:54 -0400
  
ActionController::RoutingError (No route matches [GET] "/board"):
  
actionpack (5.0.0.1) lib/action_dispatch/middleware/debug_exceptions.rb:53:in `call'
actionpack (5.0.0.1) lib/action_dispatch/middleware/show_exceptions.rb:31:in `call'
railties (5.0.0.1) lib/rails/rack/logger.rb:36:in `call_app'
railties (5.0.0.1) lib/rails/rack/logger.rb:24:in `block in call'
activesupport (5.0.0.1) lib/active_support/tagged_logging.rb:70:in `block in tagged'
activesupport (5.0.0.1) lib/active_support/tagged_logging.rb:26:in `tagged'
activesupport (5.0.0.1) lib/active_support/tagged_logging.rb:70:in `tagged'
railties (5.0.0.1) lib/rails/rack/logger.rb:24:in `call'
actionpack (5.0.0.1) lib/action_dispatch/middleware/request_id.rb:24:in `call'
rack (2.0.1) lib/rack/runtime.rb:22:in `call'
activesupport (5.0.0.1) lib/active_support/cache/strategy/local_cache_middleware.rb:28:in `call'
actionpack (5.0.0.1) lib/action_dispatch/middleware/executor.rb:12:in `call'
actionpack (5.0.0.1) lib/action_dispatch/middleware/static.rb:136:in `call'
rack (2.0.1) lib/rack/sendfile.rb:111:in `call'
rack-cors (0.4.0) lib/rack/cors.rb:80:in `call'
railties (5.0.0.1) lib/rails/engine.rb:522:in `call'
puma (3.6.0) lib/puma/configuration.rb:225:in `call'
puma (3.6.0) lib/puma/server.rb:578:in `handle_request'
puma (3.6.0) lib/puma/server.rb:415:in `process_client'
puma (3.6.0) lib/puma/server.rb:275:in `block in run'
puma (3.6.0) lib/puma/thread_pool.rb:116:in `block in spawn_thread'
Started GET "/api/v1/boards" for ::1 at 2016-08-12 17:07:35 -0400
Processing by Api::V1::BoardsController#index as HTML
  [1m[36mBoard Load (0.4ms)[0m  [1m[34mSELECT "boards".* FROM "boards"[0m
Completed 500 Internal Server Error in 21ms (ActiveRecord: 2.7ms)


  
NoMethodError (undefined method `key?' for :players:Symbol):
  
app/serializers/board_serializer.rb:3:in `<class:BoardSerializer>'
app/serializers/board_serializer.rb:1:in `<top (required)>'
app/controllers/api/v1/boards_controller.rb:6:in `index'
Started GET "/api/v1/boards" for ::1 at 2016-08-12 17:08:41 -0400
Processing by Api::V1::BoardsController#index as HTML
  [1m[36mBoard Load (0.2ms)[0m  [1m[34mSELECT "boards".* FROM "boards"[0m
Completed 500 Internal Server Error in 3ms (ActiveRecord: 0.2ms)


  
NoMethodError (undefined method `key?' for :players:Symbol):
  
app/serializers/board_serializer.rb:3:in `<class:BoardSerializer>'
app/serializers/board_serializer.rb:1:in `<top (required)>'
app/controllers/api/v1/boards_controller.rb:6:in `index'
  [1m[36mActiveRecord::SchemaMigration Load (0.3ms)[0m  [1m[34mSELECT "schema_migrations".* FROM "schema_migrations"[0m
  [1m[35m (0.1ms)[0m  [1m[35mBEGIN[0m
  [1m[35mSQL (0.4ms)[0m  [1m[32mINSERT INTO "boards" ("topic", "created_at", "updated_at") VALUES ($1, $2, $3) RETURNING "id"[0m  [["topic", "math"], ["created_at", 2016-08-12 21:08:47 UTC], ["updated_at", 2016-08-12 21:08:47 UTC]]
  [1m[35m (1.1ms)[0m  [1m[35mCOMMIT[0m
  [1m[35m (0.1ms)[0m  [1m[35mBEGIN[0m
  [1m[35mSQL (0.3ms)[0m  [1m[32mINSERT INTO "categories" ("board_id", "name", "created_at", "updated_at") VALUES ($1, $2, $3, $4) RETURNING "id"[0m  [["board_id", 2], ["name", "num 1"], ["created_at", 2016-08-12 21:08:47 UTC], ["updated_at", 2016-08-12 21:08:47 UTC]]
  [1m[35m (0.4ms)[0m  [1m[35mCOMMIT[0m
  [1m[35m (0.1ms)[0m  [1m[35mBEGIN[0m
  [1m[35mSQL (0.3ms)[0m  [1m[32mINSERT INTO "questions" ("category_id", "difficulty", "content", "created_at", "updated_at") VALUES ($1, $2, $3, $4, $5) RETURNING "id"[0m  [["category_id", 2], ["difficulty", 100], ["content", "what is 5+5?"], ["created_at", 2016-08-12 21:08:47 UTC], ["updated_at", 2016-08-12 21:08:47 UTC]]
  [1m[35m (0.3ms)[0m  [1m[35mCOMMIT[0m
  [1m[35m (0.1ms)[0m  [1m[35mBEGIN[0m
  [1m[35mSQL (0.3ms)[0m  [1m[32mINSERT INTO "users" ("first_name", "last_name", "hometown", "password_digest", "tagline", "created_at", "updated_at") VALUES ($1, $2, $3, $4, $5, $6, $7) RETURNING "id"[0m  [["first_name", "flat"], ["last_name", "iron"], ["hometown", "philly"], ["password_digest", "flatiron"], ["tagline", "working"], ["created_at", 2016-08-12 21:08:47 UTC], ["updated_at", 2016-08-12 21:08:47 UTC]]
  [1m[35m (0.4ms)[0m  [1m[35mCOMMIT[0m
  [1m[35m (0.1ms)[0m  [1m[35mBEGIN[0m
  [1m[35mSQL (0.3ms)[0m  [1m[32mINSERT INTO "players" ("board_id", "user_id", "points", "created_at", "updated_at") VALUES ($1, $2, $3, $4, $5) RETURNING "id"[0m  [["board_id", 2], ["user_id", 2], ["points", 100], ["created_at", 2016-08-12 21:08:47 UTC], ["updated_at", 2016-08-12 21:08:47 UTC]]
  [1m[35m (0.3ms)[0m  [1m[35mCOMMIT[0m
  [1m[35m (0.1ms)[0m  [1m[35mBEGIN[0m
  [1m[35mSQL (0.3ms)[0m  [1m[32mINSERT INTO "options" ("question_id", "correct", "content", "created_at", "updated_at") VALUES ($1, $2, $3, $4, $5) RETURNING "id"[0m  [["question_id", 2], ["correct", false], ["content", "5"], ["created_at", 2016-08-12 21:08:47 UTC], ["updated_at", 2016-08-12 21:08:47 UTC]]
  [1m[35m (0.3ms)[0m  [1m[35mCOMMIT[0m
  [1m[35m (0.1ms)[0m  [1m[35mBEGIN[0m
  [1m[35mSQL (0.2ms)[0m  [1m[32mINSERT INTO "options" ("question_id", "correct", "content", "created_at", "updated_at") VALUES ($1, $2, $3, $4, $5) RETURNING "id"[0m  [["question_id", 2], ["correct", false], ["content", "7"], ["created_at", 2016-08-12 21:08:47 UTC], ["updated_at", 2016-08-12 21:08:47 UTC]]
  [1m[35m (0.3ms)[0m  [1m[35mCOMMIT[0m
  [1m[35m (0.1ms)[0m  [1m[35mBEGIN[0m
  [1m[35mSQL (0.2ms)[0m  [1m[32mINSERT INTO "options" ("question_id", "correct", "content", "created_at", "updated_at") VALUES ($1, $2, $3, $4, $5) RETURNING "id"[0m  [["question_id", 2], ["correct", false], ["content", "6"], ["created_at", 2016-08-12 21:08:47 UTC], ["updated_at", 2016-08-12 21:08:47 UTC]]
  [1m[35m (0.4ms)[0m  [1m[35mCOMMIT[0m
  [1m[35m (0.1ms)[0m  [1m[35mBEGIN[0m
  [1m[35mSQL (0.2ms)[0m  [1m[32mINSERT INTO "options" ("question_id", "correct", "content", "created_at", "updated_at") VALUES ($1, $2, $3, $4, $5) RETURNING "id"[0m  [["question_id", 2], ["correct", true], ["content", "10"], ["created_at", 2016-08-12 21:08:47 UTC], ["updated_at", 2016-08-12 21:08:47 UTC]]
  [1m[35m (0.3ms)[0m  [1m[35mCOMMIT[0m
Started GET "/api/v1/boards" for ::1 at 2016-08-12 17:08:49 -0400
Processing by Api::V1::BoardsController#index as HTML
  [1m[36mBoard Load (0.3ms)[0m  [1m[34mSELECT "boards".* FROM "boards"[0m
Completed 500 Internal Server Error in 4ms (ActiveRecord: 0.3ms)


  
NoMethodError (undefined method `key?' for :players:Symbol):
  
app/serializers/board_serializer.rb:3:in `<class:BoardSerializer>'
app/serializers/board_serializer.rb:1:in `<top (required)>'
app/controllers/api/v1/boards_controller.rb:6:in `index'
  [1m[36mBoard Load (0.4ms)[0m  [1m[34mSELECT "boards".* FROM "boards"[0m
  [1m[35m (0.1ms)[0m  [1m[35mBEGIN[0m
  [1m[35mSQL (0.8ms)[0m  [1m[32mINSERT INTO "boards" ("created_at", "updated_at") VALUES ($1, $2) RETURNING "id"[0m  [["created_at", 2016-08-12 21:10:28 UTC], ["updated_at", 2016-08-12 21:10:28 UTC]]
  [1m[35m (0.9ms)[0m  [1m[35mCOMMIT[0m
  [1m[36mBoard Load (0.3ms)[0m  [1m[34mSELECT  "boards".* FROM "boards" ORDER BY "boards"."id" ASC LIMIT $1[0m  [["LIMIT", 1]]
Started GET "/api/v1/boards" for ::1 at 2016-08-12 17:12:48 -0400
Processing by Api::V1::BoardsController#index as HTML
  [1m[36mBoard Load (0.2ms)[0m  [1m[34mSELECT "boards".* FROM "boards"[0m
[active_model_serializers]   [1m[36mCACHE (0.0ms)[0m  [1m[34mSELECT "boards".* FROM "boards"[0m
[active_model_serializers]   [1m[36mCACHE (0.0ms)[0m  [1m[34mSELECT "boards".* FROM "boards"[0m
[active_model_serializers]   [1m[36mCACHE (0.0ms)[0m  [1m[34mSELECT "boards".* FROM "boards"[0m
[active_model_serializers] Rendered ActiveModel::Serializer::CollectionSerializer with ActiveModelSerializers::Adapter::JsonApi (6.33ms)
Completed 200 OK in 21ms (Views: 15.4ms | ActiveRecord: 2.2ms)


  [1m[36mActiveRecord::SchemaMigration Load (0.3ms)[0m  [1m[34mSELECT "schema_migrations".* FROM "schema_migrations"[0m
  [1m[36mBoard Load (0.3ms)[0m  [1m[34mSELECT "boards".* FROM "boards"[0m
  [1m[35m (0.1ms)[0m  [1m[35mBEGIN[0m
  [1m[35mSQL (0.3ms)[0m  [1m[31mDELETE FROM "boards" WHERE "boards"."id" = $1[0m  [["id", 1]]
  [1m[35m (1.0ms)[0m  [1m[35mCOMMIT[0m
  [1m[35m (0.1ms)[0m  [1m[35mBEGIN[0m
  [1m[35mSQL (0.3ms)[0m  [1m[31mDELETE FROM "boards" WHERE "boards"."id" = $1[0m  [["id", 2]]
  [1m[35m (0.2ms)[0m  [1m[35mCOMMIT[0m
  [1m[35m (0.1ms)[0m  [1m[35mBEGIN[0m
  [1m[35mSQL (0.2ms)[0m  [1m[31mDELETE FROM "boards" WHERE "boards"."id" = $1[0m  [["id", 3]]
  [1m[35m (0.3ms)[0m  [1m[35mCOMMIT[0m
  [1m[36mCategory Load (0.4ms)[0m  [1m[34mSELECT "categories".* FROM "categories"[0m
  [1m[35m (0.2ms)[0m  [1m[35mBEGIN[0m
  [1m[35mSQL (0.3ms)[0m  [1m[31mDELETE FROM "categories" WHERE "categories"."id" = $1[0m  [["id", 1]]
  [1m[35m (0.3ms)[0m  [1m[35mCOMMIT[0m
  [1m[35m (0.1ms)[0m  [1m[35mBEGIN[0m
  [1m[35mSQL (0.2ms)[0m  [1m[31mDELETE FROM "categories" WHERE "categories"."id" = $1[0m  [["id", 2]]
  [1m[35m (0.2ms)[0m  [1m[35mCOMMIT[0m
  [1m[36mQuestion Load (0.4ms)[0m  [1m[34mSELECT "questions".* FROM "questions"[0m
  [1m[35m (0.1ms)[0m  [1m[35mBEGIN[0m
  [1m[35mSQL (0.3ms)[0m  [1m[31mDELETE FROM "questions" WHERE "questions"."id" = $1[0m  [["id", 1]]
  [1m[35m (0.2ms)[0m  [1m[35mCOMMIT[0m
  [1m[35m (0.1ms)[0m  [1m[35mBEGIN[0m
  [1m[35mSQL (0.2ms)[0m  [1m[31mDELETE FROM "questions" WHERE "questions"."id" = $1[0m  [["id", 2]]
  [1m[35m (0.2ms)[0m  [1m[35mCOMMIT[0m
  [1m[36mUser Load (0.5ms)[0m  [1m[34mSELECT "users".* FROM "users"[0m
  [1m[35m (0.1ms)[0m  [1m[35mBEGIN[0m
  [1m[35mSQL (0.2ms)[0m  [1m[31mDELETE FROM "users" WHERE "users"."id" = $1[0m  [["id", 1]]
  [1m[35m (0.3ms)[0m  [1m[35mCOMMIT[0m
  [1m[35m (0.1ms)[0m  [1m[35mBEGIN[0m
  [1m[35mSQL (0.1ms)[0m  [1m[31mDELETE FROM "users" WHERE "users"."id" = $1[0m  [["id", 2]]
  [1m[35m (0.3ms)[0m  [1m[35mCOMMIT[0m
  [1m[36mPlayer Load (0.3ms)[0m  [1m[34mSELECT "players".* FROM "players"[0m
  [1m[35m (0.1ms)[0m  [1m[35mBEGIN[0m
  [1m[35mSQL (0.2ms)[0m  [1m[31mDELETE FROM "players" WHERE "players"."id" = $1[0m  [["id", 1]]
  [1m[35m (0.3ms)[0m  [1m[35mCOMMIT[0m
  [1m[35m (0.1ms)[0m  [1m[35mBEGIN[0m
  [1m[35mSQL (0.1ms)[0m  [1m[31mDELETE FROM "players" WHERE "players"."id" = $1[0m  [["id", 2]]
  [1m[35m (0.3ms)[0m  [1m[35mCOMMIT[0m
  [1m[36mOption Load (0.3ms)[0m  [1m[34mSELECT "options".* FROM "options"[0m
  [1m[35m (0.1ms)[0m  [1m[35mBEGIN[0m
  [1m[35mSQL (0.2ms)[0m  [1m[31mDELETE FROM "options" WHERE "options"."id" = $1[0m  [["id", 1]]
  [1m[35m (0.3ms)[0m  [1m[35mCOMMIT[0m
  [1m[35m (0.1ms)[0m  [1m[35mBEGIN[0m
  [1m[35mSQL (0.1ms)[0m  [1m[31mDELETE FROM "options" WHERE "options"."id" = $1[0m  [["id", 2]]
  [1m[35m (0.3ms)[0m  [1m[35mCOMMIT[0m
  [1m[35m (0.1ms)[0m  [1m[35mBEGIN[0m
  [1m[35mSQL (0.1ms)[0m  [1m[31mDELETE FROM "options" WHERE "options"."id" = $1[0m  [["id", 3]]
  [1m[35m (0.2ms)[0m  [1m[35mCOMMIT[0m
  [1m[35m (0.1ms)[0m  [1m[35mBEGIN[0m
  [1m[35mSQL (0.2ms)[0m  [1m[31mDELETE FROM "options" WHERE "options"."id" = $1[0m  [["id", 4]]
  [1m[35m (0.3ms)[0m  [1m[35mCOMMIT[0m
  [1m[35m (0.1ms)[0m  [1m[35mBEGIN[0m
  [1m[35mSQL (0.1ms)[0m  [1m[31mDELETE FROM "options" WHERE "options"."id" = $1[0m  [["id", 5]]
  [1m[35m (0.3ms)[0m  [1m[35mCOMMIT[0m
  [1m[35m (0.1ms)[0m  [1m[35mBEGIN[0m
  [1m[35mSQL (0.1ms)[0m  [1m[31mDELETE FROM "options" WHERE "options"."id" = $1[0m  [["id", 6]]
  [1m[35m (0.2ms)[0m  [1m[35mCOMMIT[0m
  [1m[35m (0.1ms)[0m  [1m[35mBEGIN[0m
  [1m[35mSQL (0.1ms)[0m  [1m[31mDELETE FROM "options" WHERE "options"."id" = $1[0m  [["id", 7]]
  [1m[35m (0.2ms)[0m  [1m[35mCOMMIT[0m
  [1m[35m (0.0ms)[0m  [1m[35mBEGIN[0m
  [1m[35mSQL (0.1ms)[0m  [1m[31mDELETE FROM "options" WHERE "options"."id" = $1[0m  [["id", 8]]
  [1m[35m (0.2ms)[0m  [1m[35mCOMMIT[0m
  [1m[35m (0.1ms)[0m  [1m[35mBEGIN[0m
  [1m[35mSQL (0.3ms)[0m  [1m[32mINSERT INTO "boards" ("topic", "created_at", "updated_at") VALUES ($1, $2, $3) RETURNING "id"[0m  [["topic", "math"], ["created_at", 2016-08-12 21:15:18 UTC], ["updated_at", 2016-08-12 21:15:18 UTC]]
  [1m[35m (0.3ms)[0m  [1m[35mCOMMIT[0m
  [1m[35m (0.1ms)[0m  [1m[35mBEGIN[0m
  [1m[35mSQL (0.2ms)[0m  [1m[32mINSERT INTO "categories" ("board_id", "name", "created_at", "updated_at") VALUES ($1, $2, $3, $4) RETURNING "id"[0m  [["board_id", 4], ["name", "num 1"], ["created_at", 2016-08-12 21:15:18 UTC], ["updated_at", 2016-08-12 21:15:18 UTC]]
  [1m[35m (0.3ms)[0m  [1m[35mCOMMIT[0m
  [1m[35m (0.1ms)[0m  [1m[35mBEGIN[0m
  [1m[35mSQL (0.2ms)[0m  [1m[32mINSERT INTO "questions" ("category_id", "difficulty", "content", "created_at", "updated_at") VALUES ($1, $2, $3, $4, $5) RETURNING "id"[0m  [["category_id", 3], ["difficulty", 100], ["content", "what is 5+5?"], ["created_at", 2016-08-12 21:15:18 UTC], ["updated_at", 2016-08-12 21:15:18 UTC]]
  [1m[35m (0.3ms)[0m  [1m[35mCOMMIT[0m
  [1m[35m (0.1ms)[0m  [1m[35mBEGIN[0m
  [1m[35mSQL (0.2ms)[0m  [1m[32mINSERT INTO "users" ("first_name", "last_name", "hometown", "password_digest", "tagline", "created_at", "updated_at") VALUES ($1, $2, $3, $4, $5, $6, $7) RETURNING "id"[0m  [["first_name", "flat"], ["last_name", "iron"], ["hometown", "philly"], ["password_digest", "flatiron"], ["tagline", "working"], ["created_at", 2016-08-12 21:15:18 UTC], ["updated_at", 2016-08-12 21:15:18 UTC]]
  [1m[35m (0.3ms)[0m  [1m[35mCOMMIT[0m
  [1m[35m (0.1ms)[0m  [1m[35mBEGIN[0m
  [1m[35mSQL (0.2ms)[0m  [1m[32mINSERT INTO "players" ("board_id", "user_id", "points", "created_at", "updated_at") VALUES ($1, $2, $3, $4, $5) RETURNING "id"[0m  [["board_id", 4], ["user_id", 3], ["points", 100], ["created_at", 2016-08-12 21:15:18 UTC], ["updated_at", 2016-08-12 21:15:18 UTC]]
  [1m[35m (0.3ms)[0m  [1m[35mCOMMIT[0m
  [1m[35m (0.1ms)[0m  [1m[35mBEGIN[0m
  [1m[35mSQL (0.2ms)[0m  [1m[32mINSERT INTO "options" ("question_id", "correct", "content", "created_at", "updated_at") VALUES ($1, $2, $3, $4, $5) RETURNING "id"[0m  [["question_id", 3], ["correct", false], ["content", "5"], ["created_at", 2016-08-12 21:15:18 UTC], ["updated_at", 2016-08-12 21:15:18 UTC]]
  [1m[35m (0.2ms)[0m  [1m[35mCOMMIT[0m
  [1m[35m (0.1ms)[0m  [1m[35mBEGIN[0m
  [1m[35mSQL (0.2ms)[0m  [1m[32mINSERT INTO "options" ("question_id", "correct", "content", "created_at", "updated_at") VALUES ($1, $2, $3, $4, $5) RETURNING "id"[0m  [["question_id", 3], ["correct", false], ["content", "7"], ["created_at", 2016-08-12 21:15:18 UTC], ["updated_at", 2016-08-12 21:15:18 UTC]]
  [1m[35m (0.2ms)[0m  [1m[35mCOMMIT[0m
  [1m[35m (0.1ms)[0m  [1m[35mBEGIN[0m
  [1m[35mSQL (0.2ms)[0m  [1m[32mINSERT INTO "options" ("question_id", "correct", "content", "created_at", "updated_at") VALUES ($1, $2, $3, $4, $5) RETURNING "id"[0m  [["question_id", 3], ["correct", false], ["content", "6"], ["created_at", 2016-08-12 21:15:18 UTC], ["updated_at", 2016-08-12 21:15:18 UTC]]
  [1m[35m (0.3ms)[0m  [1m[35mCOMMIT[0m
  [1m[35m (0.1ms)[0m  [1m[35mBEGIN[0m
  [1m[35mSQL (0.3ms)[0m  [1m[32mINSERT INTO "options" ("question_id", "correct", "content", "created_at", "updated_at") VALUES ($1, $2, $3, $4, $5) RETURNING "id"[0m  [["question_id", 3], ["correct", true], ["content", "10"], ["created_at", 2016-08-12 21:15:18 UTC], ["updated_at", 2016-08-12 21:15:18 UTC]]
  [1m[35m (0.3ms)[0m  [1m[35mCOMMIT[0m
Started GET "/api/v1/boards" for ::1 at 2016-08-12 17:15:21 -0400
Processing by Api::V1::BoardsController#index as HTML
  [1m[36mBoard Load (0.2ms)[0m  [1m[34mSELECT "boards".* FROM "boards"[0m
[active_model_serializers]   [1m[36mCACHE (0.0ms)[0m  [1m[34mSELECT "boards".* FROM "boards"[0m
[active_model_serializers] Rendered ActiveModel::Serializer::CollectionSerializer with ActiveModelSerializers::Adapter::JsonApi (0.76ms)
Completed 200 OK in 2ms (Views: 1.5ms | ActiveRecord: 0.2ms)


  [1m[36mActiveRecord::SchemaMigration Load (0.6ms)[0m  [1m[34mSELECT "schema_migrations".* FROM "schema_migrations"[0m
  [1m[36mBoard Load (0.3ms)[0m  [1m[34mSELECT "boards".* FROM "boards"[0m
  [1m[35m (0.1ms)[0m  [1m[35mBEGIN[0m
  [1m[35mSQL (0.3ms)[0m  [1m[31mDELETE FROM "boards" WHERE "boards"."id" = $1[0m  [["id", 4]]
  [1m[35m (6.3ms)[0m  [1m[35mCOMMIT[0m
  [1m[36mCategory Load (0.3ms)[0m  [1m[34mSELECT "categories".* FROM "categories"[0m
  [1m[35m (0.1ms)[0m  [1m[35mBEGIN[0m
  [1m[35mSQL (0.2ms)[0m  [1m[31mDELETE FROM "categories" WHERE "categories"."id" = $1[0m  [["id", 3]]
  [1m[35m (6.4ms)[0m  [1m[35mCOMMIT[0m
  [1m[36mQuestion Load (0.4ms)[0m  [1m[34mSELECT "questions".* FROM "questions"[0m
  [1m[35m (0.1ms)[0m  [1m[35mBEGIN[0m
  [1m[35mSQL (0.3ms)[0m  [1m[31mDELETE FROM "questions" WHERE "questions"."id" = $1[0m  [["id", 3]]
  [1m[35m (0.3ms)[0m  [1m[35mCOMMIT[0m
  [1m[36mUser Load (0.3ms)[0m  [1m[34mSELECT "users".* FROM "users"[0m
  [1m[35m (0.1ms)[0m  [1m[35mBEGIN[0m
  [1m[35mSQL (0.2ms)[0m  [1m[31mDELETE FROM "users" WHERE "users"."id" = $1[0m  [["id", 3]]
  [1m[35m (0.3ms)[0m  [1m[35mCOMMIT[0m
  [1m[36mPlayer Load (0.7ms)[0m  [1m[34mSELECT "players".* FROM "players"[0m
  [1m[35m (0.2ms)[0m  [1m[35mBEGIN[0m
  [1m[35mSQL (0.3ms)[0m  [1m[31mDELETE FROM "players" WHERE "players"."id" = $1[0m  [["id", 3]]
  [1m[35m (0.3ms)[0m  [1m[35mCOMMIT[0m
  [1m[36mOption Load (0.6ms)[0m  [1m[34mSELECT "options".* FROM "options"[0m
  [1m[35m (0.1ms)[0m  [1m[35mBEGIN[0m
  [1m[35mSQL (0.3ms)[0m  [1m[31mDELETE FROM "options" WHERE "options"."id" = $1[0m  [["id", 9]]
  [1m[35m (0.3ms)[0m  [1m[35mCOMMIT[0m
  [1m[35m (0.1ms)[0m  [1m[35mBEGIN[0m
  [1m[35mSQL (0.2ms)[0m  [1m[31mDELETE FROM "options" WHERE "options"."id" = $1[0m  [["id", 10]]
  [1m[35m (0.4ms)[0m  [1m[35mCOMMIT[0m
  [1m[35m (0.2ms)[0m  [1m[35mBEGIN[0m
  [1m[35mSQL (0.5ms)[0m  [1m[31mDELETE FROM "options" WHERE "options"."id" = $1[0m  [["id", 11]]
  [1m[35m (0.3ms)[0m  [1m[35mCOMMIT[0m
  [1m[35m (0.1ms)[0m  [1m[35mBEGIN[0m
  [1m[35mSQL (0.2ms)[0m  [1m[31mDELETE FROM "options" WHERE "options"."id" = $1[0m  [["id", 12]]
  [1m[35m (0.2ms)[0m  [1m[35mCOMMIT[0m
  [1m[35m (0.1ms)[0m  [1m[35mBEGIN[0m
  [1m[35mSQL (0.4ms)[0m  [1m[32mINSERT INTO "boards" ("topic", "created_at", "updated_at") VALUES ($1, $2, $3) RETURNING "id"[0m  [["topic", "math"], ["created_at", 2016-08-12 22:02:26 UTC], ["updated_at", 2016-08-12 22:02:26 UTC]]
  [1m[35m (0.2ms)[0m  [1m[35mCOMMIT[0m
  [1m[35m (0.1ms)[0m  [1m[35mBEGIN[0m
  [1m[35mSQL (0.4ms)[0m  [1m[32mINSERT INTO "categories" ("board_id", "name", "created_at", "updated_at") VALUES ($1, $2, $3, $4) RETURNING "id"[0m  [["board_id", 5], ["name", "num 1"], ["created_at", 2016-08-12 22:02:26 UTC], ["updated_at", 2016-08-12 22:02:26 UTC]]
  [1m[35m (0.2ms)[0m  [1m[35mCOMMIT[0m
  [1m[35m (0.1ms)[0m  [1m[35mBEGIN[0m
  [1m[35mSQL (0.3ms)[0m  [1m[32mINSERT INTO "categories" ("board_id", "name", "created_at", "updated_at") VALUES ($1, $2, $3, $4) RETURNING "id"[0m  [["board_id", 5], ["name", "num 2"], ["created_at", 2016-08-12 22:02:26 UTC], ["updated_at", 2016-08-12 22:02:26 UTC]]
  [1m[35m (0.3ms)[0m  [1m[35mCOMMIT[0m
  [1m[35m (0.1ms)[0m  [1m[35mBEGIN[0m
  [1m[35mSQL (0.2ms)[0m  [1m[32mINSERT INTO "categories" ("board_id", "name", "created_at", "updated_at") VALUES ($1, $2, $3, $4) RETURNING "id"[0m  [["board_id", 5], ["name", "num 3"], ["created_at", 2016-08-12 22:02:26 UTC], ["updated_at", 2016-08-12 22:02:26 UTC]]
  [1m[35m (0.3ms)[0m  [1m[35mCOMMIT[0m
  [1m[35m (0.1ms)[0m  [1m[35mBEGIN[0m
  [1m[35mSQL (0.2ms)[0m  [1m[32mINSERT INTO "categories" ("board_id", "name", "created_at", "updated_at") VALUES ($1, $2, $3, $4) RETURNING "id"[0m  [["board_id", 5], ["name", "num 4"], ["created_at", 2016-08-12 22:02:26 UTC], ["updated_at", 2016-08-12 22:02:26 UTC]]
  [1m[35m (0.3ms)[0m  [1m[35mCOMMIT[0m
  [1m[35m (0.1ms)[0m  [1m[35mBEGIN[0m
  [1m[35mSQL (0.2ms)[0m  [1m[32mINSERT INTO "categories" ("board_id", "name", "created_at", "updated_at") VALUES ($1, $2, $3, $4) RETURNING "id"[0m  [["board_id", 5], ["name", "num 5"], ["created_at", 2016-08-12 22:02:26 UTC], ["updated_at", 2016-08-12 22:02:26 UTC]]
  [1m[35m (0.3ms)[0m  [1m[35mCOMMIT[0m
  [1m[35m (0.1ms)[0m  [1m[35mBEGIN[0m
  [1m[35mSQL (0.2ms)[0m  [1m[32mINSERT INTO "categories" ("board_id", "name", "created_at", "updated_at") VALUES ($1, $2, $3, $4) RETURNING "id"[0m  [["board_id", 5], ["name", "num 6"], ["created_at", 2016-08-12 22:02:26 UTC], ["updated_at", 2016-08-12 22:02:26 UTC]]
  [1m[35m (0.2ms)[0m  [1m[35mCOMMIT[0m
  [1m[36mActiveRecord::SchemaMigration Load (0.4ms)[0m  [1m[34mSELECT "schema_migrations".* FROM "schema_migrations"[0m
  [1m[36mBoard Load (0.3ms)[0m  [1m[34mSELECT "boards".* FROM "boards"[0m
  [1m[35m (0.1ms)[0m  [1m[35mBEGIN[0m
  [1m[35mSQL (0.2ms)[0m  [1m[31mDELETE FROM "boards" WHERE "boards"."id" = $1[0m  [["id", 5]]
  [1m[35m (0.4ms)[0m  [1m[35mCOMMIT[0m
  [1m[36mCategory Load (0.3ms)[0m  [1m[34mSELECT "categories".* FROM "categories"[0m
  [1m[35m (0.2ms)[0m  [1m[35mBEGIN[0m
  [1m[35mSQL (0.3ms)[0m  [1m[31mDELETE FROM "categories" WHERE "categories"."id" = $1[0m  [["id", 4]]
  [1m[35m (0.2ms)[0m  [1m[35mCOMMIT[0m
  [1m[35m (0.1ms)[0m  [1m[35mBEGIN[0m
  [1m[35mSQL (0.2ms)[0m  [1m[31mDELETE FROM "categories" WHERE "categories"."id" = $1[0m  [["id", 5]]
  [1m[35m (0.2ms)[0m  [1m[35mCOMMIT[0m
  [1m[35m (0.1ms)[0m  [1m[35mBEGIN[0m
  [1m[35mSQL (0.2ms)[0m  [1m[31mDELETE FROM "categories" WHERE "categories"."id" = $1[0m  [["id", 6]]
  [1m[35m (0.3ms)[0m  [1m[35mCOMMIT[0m
  [1m[35m (0.1ms)[0m  [1m[35mBEGIN[0m
  [1m[35mSQL (0.2ms)[0m  [1m[31mDELETE FROM "categories" WHERE "categories"."id" = $1[0m  [["id", 7]]
  [1m[35m (0.3ms)[0m  [1m[35mCOMMIT[0m
  [1m[35m (0.1ms)[0m  [1m[35mBEGIN[0m
  [1m[35mSQL (0.1ms)[0m  [1m[31mDELETE FROM "categories" WHERE "categories"."id" = $1[0m  [["id", 8]]
  [1m[35m (0.3ms)[0m  [1m[35mCOMMIT[0m
  [1m[35m (0.1ms)[0m  [1m[35mBEGIN[0m
  [1m[35mSQL (0.2ms)[0m  [1m[31mDELETE FROM "categories" WHERE "categories"."id" = $1[0m  [["id", 9]]
  [1m[35m (0.3ms)[0m  [1m[35mCOMMIT[0m
  [1m[36mQuestion Load (0.3ms)[0m  [1m[34mSELECT "questions".* FROM "questions"[0m
  [1m[36mUser Load (0.4ms)[0m  [1m[34mSELECT "users".* FROM "users"[0m
  [1m[36mPlayer Load (0.3ms)[0m  [1m[34mSELECT "players".* FROM "players"[0m
  [1m[36mOption Load (0.3ms)[0m  [1m[34mSELECT "options".* FROM "options"[0m
  [1m[35m (0.1ms)[0m  [1m[35mBEGIN[0m
  [1m[35mSQL (0.3ms)[0m  [1m[32mINSERT INTO "boards" ("topic", "created_at", "updated_at") VALUES ($1, $2, $3) RETURNING "id"[0m  [["topic", "math"], ["created_at", 2016-08-12 22:02:50 UTC], ["updated_at", 2016-08-12 22:02:50 UTC]]
  [1m[35m (0.3ms)[0m  [1m[35mCOMMIT[0m
  [1m[35m (0.1ms)[0m  [1m[35mBEGIN[0m
  [1m[35mSQL (0.2ms)[0m  [1m[32mINSERT INTO "categories" ("board_id", "name", "created_at", "updated_at") VALUES ($1, $2, $3, $4) RETURNING "id"[0m  [["board_id", 6], ["name", "num 1"], ["created_at", 2016-08-12 22:02:50 UTC], ["updated_at", 2016-08-12 22:02:50 UTC]]
  [1m[35m (0.3ms)[0m  [1m[35mCOMMIT[0m
  [1m[35m (0.1ms)[0m  [1m[35mBEGIN[0m
  [1m[35mSQL (0.2ms)[0m  [1m[32mINSERT INTO "categories" ("board_id", "name", "created_at", "updated_at") VALUES ($1, $2, $3, $4) RETURNING "id"[0m  [["board_id", 6], ["name", "num 2"], ["created_at", 2016-08-12 22:02:50 UTC], ["updated_at", 2016-08-12 22:02:50 UTC]]
  [1m[35m (0.4ms)[0m  [1m[35mCOMMIT[0m
  [1m[35m (0.1ms)[0m  [1m[35mBEGIN[0m
  [1m[35mSQL (0.3ms)[0m  [1m[32mINSERT INTO "categories" ("board_id", "name", "created_at", "updated_at") VALUES ($1, $2, $3, $4) RETURNING "id"[0m  [["board_id", 6], ["name", "num 3"], ["created_at", 2016-08-12 22:02:50 UTC], ["updated_at", 2016-08-12 22:02:50 UTC]]
  [1m[35m (0.2ms)[0m  [1m[35mCOMMIT[0m
  [1m[35m (0.1ms)[0m  [1m[35mBEGIN[0m
  [1m[35mSQL (0.2ms)[0m  [1m[32mINSERT INTO "categories" ("board_id", "name", "created_at", "updated_at") VALUES ($1, $2, $3, $4) RETURNING "id"[0m  [["board_id", 6], ["name", "num 4"], ["created_at", 2016-08-12 22:02:50 UTC], ["updated_at", 2016-08-12 22:02:50 UTC]]
  [1m[35m (0.3ms)[0m  [1m[35mCOMMIT[0m
  [1m[35m (0.1ms)[0m  [1m[35mBEGIN[0m
  [1m[35mSQL (0.2ms)[0m  [1m[32mINSERT INTO "categories" ("board_id", "name", "created_at", "updated_at") VALUES ($1, $2, $3, $4) RETURNING "id"[0m  [["board_id", 6], ["name", "num 5"], ["created_at", 2016-08-12 22:02:50 UTC], ["updated_at", 2016-08-12 22:02:50 UTC]]
  [1m[35m (0.3ms)[0m  [1m[35mCOMMIT[0m
  [1m[35m (0.1ms)[0m  [1m[35mBEGIN[0m
  [1m[35mSQL (0.2ms)[0m  [1m[32mINSERT INTO "categories" ("board_id", "name", "created_at", "updated_at") VALUES ($1, $2, $3, $4) RETURNING "id"[0m  [["board_id", 6], ["name", "num 6"], ["created_at", 2016-08-12 22:02:50 UTC], ["updated_at", 2016-08-12 22:02:50 UTC]]
  [1m[35m (0.3ms)[0m  [1m[35mCOMMIT[0m
  [1m[35m (0.1ms)[0m  [1m[35mBEGIN[0m
  [1m[35mSQL (0.2ms)[0m  [1m[32mINSERT INTO "questions" ("category_id", "difficulty", "content", "created_at", "updated_at") VALUES ($1, $2, $3, $4, $5) RETURNING "id"[0m  [["category_id", 10], ["difficulty", 100], ["content", "what is 5+5?"], ["created_at", 2016-08-12 22:02:50 UTC], ["updated_at", 2016-08-12 22:02:50 UTC]]
  [1m[35m (0.2ms)[0m  [1m[35mCOMMIT[0m
  [1m[35m (0.1ms)[0m  [1m[35mBEGIN[0m
  [1m[35mSQL (0.3ms)[0m  [1m[32mINSERT INTO "users" ("first_name", "last_name", "hometown", "password_digest", "tagline", "created_at", "updated_at") VALUES ($1, $2, $3, $4, $5, $6, $7) RETURNING "id"[0m  [["first_name", "flat"], ["last_name", "iron"], ["hometown", "philly"], ["password_digest", "flatiron"], ["tagline", "working"], ["created_at", 2016-08-12 22:02:50 UTC], ["updated_at", 2016-08-12 22:02:50 UTC]]
  [1m[35m (0.3ms)[0m  [1m[35mCOMMIT[0m
  [1m[35m (0.1ms)[0m  [1m[35mBEGIN[0m
  [1m[35mSQL (0.3ms)[0m  [1m[32mINSERT INTO "players" ("board_id", "user_id", "points", "created_at", "updated_at") VALUES ($1, $2, $3, $4, $5) RETURNING "id"[0m  [["board_id", 6], ["user_id", 4], ["points", 100], ["created_at", 2016-08-12 22:02:50 UTC], ["updated_at", 2016-08-12 22:02:50 UTC]]
  [1m[35m (0.4ms)[0m  [1m[35mCOMMIT[0m
  [1m[35m (0.1ms)[0m  [1m[35mBEGIN[0m
  [1m[35mSQL (0.2ms)[0m  [1m[32mINSERT INTO "options" ("question_id", "correct", "content", "created_at", "updated_at") VALUES ($1, $2, $3, $4, $5) RETURNING "id"[0m  [["question_id", 4], ["correct", false], ["content", "5"], ["created_at", 2016-08-12 22:02:50 UTC], ["updated_at", 2016-08-12 22:02:50 UTC]]
  [1m[35m (0.3ms)[0m  [1m[35mCOMMIT[0m
  [1m[35m (0.1ms)[0m  [1m[35mBEGIN[0m
  [1m[35mSQL (0.2ms)[0m  [1m[32mINSERT INTO "options" ("question_id", "correct", "content", "created_at", "updated_at") VALUES ($1, $2, $3, $4, $5) RETURNING "id"[0m  [["question_id", 4], ["correct", false], ["content", "7"], ["created_at", 2016-08-12 22:02:50 UTC], ["updated_at", 2016-08-12 22:02:50 UTC]]
  [1m[35m (0.3ms)[0m  [1m[35mCOMMIT[0m
  [1m[35m (0.1ms)[0m  [1m[35mBEGIN[0m
  [1m[35mSQL (0.2ms)[0m  [1m[32mINSERT INTO "options" ("question_id", "correct", "content", "created_at", "updated_at") VALUES ($1, $2, $3, $4, $5) RETURNING "id"[0m  [["question_id", 4], ["correct", false], ["content", "6"], ["created_at", 2016-08-12 22:02:50 UTC], ["updated_at", 2016-08-12 22:02:50 UTC]]
  [1m[35m (0.3ms)[0m  [1m[35mCOMMIT[0m
  [1m[35m (0.1ms)[0m  [1m[35mBEGIN[0m
  [1m[35mSQL (0.2ms)[0m  [1m[32mINSERT INTO "options" ("question_id", "correct", "content", "created_at", "updated_at") VALUES ($1, $2, $3, $4, $5) RETURNING "id"[0m  [["question_id", 4], ["correct", true], ["content", "10"], ["created_at", 2016-08-12 22:02:50 UTC], ["updated_at", 2016-08-12 22:02:50 UTC]]
  [1m[35m (0.3ms)[0m  [1m[35mCOMMIT[0m
Started GET "/api/v1/boards" for ::1 at 2016-08-12 18:02:53 -0400
Processing by Api::V1::BoardsController#index as HTML
  [1m[36mBoard Load (0.2ms)[0m  [1m[34mSELECT "boards".* FROM "boards"[0m
[active_model_serializers]   [1m[36mCACHE (0.0ms)[0m  [1m[34mSELECT "boards".* FROM "boards"[0m
[active_model_serializers] Rendered ActiveModel::Serializer::CollectionSerializer with ActiveModelSerializers::Adapter::JsonApi (0.71ms)
Completed 200 OK in 2ms (Views: 1.4ms | ActiveRecord: 0.2ms)


Started GET "/api/v1/boards" for ::1 at 2016-08-12 18:02:55 -0400
Processing by Api::V1::BoardsController#index as HTML
  [1m[36mBoard Load (0.2ms)[0m  [1m[34mSELECT "boards".* FROM "boards"[0m
[active_model_serializers]   [1m[36mCACHE (0.0ms)[0m  [1m[34mSELECT "boards".* FROM "boards"[0m
[active_model_serializers] Rendered ActiveModel::Serializer::CollectionSerializer with ActiveModelSerializers::Adapter::JsonApi (0.78ms)
Completed 200 OK in 2ms (Views: 1.5ms | ActiveRecord: 0.2ms)


Started GET "/api/v1/boards" for ::1 at 2016-08-12 18:02:55 -0400
Processing by Api::V1::BoardsController#index as HTML
  [1m[36mBoard Load (0.2ms)[0m  [1m[34mSELECT "boards".* FROM "boards"[0m
[active_model_serializers]   [1m[36mCACHE (0.0ms)[0m  [1m[34mSELECT "boards".* FROM "boards"[0m
[active_model_serializers] Rendered ActiveModel::Serializer::CollectionSerializer with ActiveModelSerializers::Adapter::JsonApi (0.8ms)
Completed 200 OK in 2ms (Views: 1.5ms | ActiveRecord: 0.2ms)


Started GET "/favicon.ico" for ::1 at 2016-08-12 18:02:56 -0400
  
ActionController::RoutingError (No route matches [GET] "/favicon.ico"):
  
actionpack (5.0.0.1) lib/action_dispatch/middleware/debug_exceptions.rb:53:in `call'
actionpack (5.0.0.1) lib/action_dispatch/middleware/show_exceptions.rb:31:in `call'
railties (5.0.0.1) lib/rails/rack/logger.rb:36:in `call_app'
railties (5.0.0.1) lib/rails/rack/logger.rb:24:in `block in call'
activesupport (5.0.0.1) lib/active_support/tagged_logging.rb:70:in `block in tagged'
activesupport (5.0.0.1) lib/active_support/tagged_logging.rb:26:in `tagged'
activesupport (5.0.0.1) lib/active_support/tagged_logging.rb:70:in `tagged'
railties (5.0.0.1) lib/rails/rack/logger.rb:24:in `call'
actionpack (5.0.0.1) lib/action_dispatch/middleware/request_id.rb:24:in `call'
rack (2.0.1) lib/rack/runtime.rb:22:in `call'
activesupport (5.0.0.1) lib/active_support/cache/strategy/local_cache_middleware.rb:28:in `call'
actionpack (5.0.0.1) lib/action_dispatch/middleware/executor.rb:12:in `call'
actionpack (5.0.0.1) lib/action_dispatch/middleware/static.rb:136:in `call'
rack (2.0.1) lib/rack/sendfile.rb:111:in `call'
rack-cors (0.4.0) lib/rack/cors.rb:80:in `call'
railties (5.0.0.1) lib/rails/engine.rb:522:in `call'
puma (3.6.0) lib/puma/configuration.rb:225:in `call'
puma (3.6.0) lib/puma/server.rb:578:in `handle_request'
puma (3.6.0) lib/puma/server.rb:415:in `process_client'
puma (3.6.0) lib/puma/server.rb:275:in `block in run'
puma (3.6.0) lib/puma/thread_pool.rb:116:in `block in spawn_thread'
Started GET "/api/v1/boards" for ::1 at 2016-08-12 18:03:33 -0400
Processing by Api::V1::BoardsController#index as HTML
  [1m[36mBoard Load (0.2ms)[0m  [1m[34mSELECT "boards".* FROM "boards"[0m
[active_model_serializers] Rendered ActiveModel::Serializer::CollectionSerializer with ActiveModelSerializers::Adapter::JsonApi (0.72ms)
Completed 200 OK in 11ms (Views: 5.2ms | ActiveRecord: 3.1ms)


Started GET "/api/v1/boards" for ::1 at 2016-08-12 18:03:35 -0400
Processing by Api::V1::BoardsController#index as HTML
  [1m[36mBoard Load (0.3ms)[0m  [1m[34mSELECT "boards".* FROM "boards"[0m
[active_model_serializers] Rendered ActiveModel::Serializer::CollectionSerializer with ActiveModelSerializers::Adapter::JsonApi (0.64ms)
Completed 200 OK in 2ms (Views: 1.6ms | ActiveRecord: 0.3ms)


Started GET "/api/v1/boards" for ::1 at 2016-08-12 18:03:35 -0400
Processing by Api::V1::BoardsController#index as HTML
  [1m[36mBoard Load (0.2ms)[0m  [1m[34mSELECT "boards".* FROM "boards"[0m
[active_model_serializers] Rendered ActiveModel::Serializer::CollectionSerializer with ActiveModelSerializers::Adapter::JsonApi (0.4ms)
Completed 200 OK in 2ms (Views: 1.2ms | ActiveRecord: 0.2ms)


Started GET "/favicon.ico" for ::1 at 2016-08-12 18:03:35 -0400
  
ActionController::RoutingError (No route matches [GET] "/favicon.ico"):
  
actionpack (5.0.0.1) lib/action_dispatch/middleware/debug_exceptions.rb:53:in `call'
actionpack (5.0.0.1) lib/action_dispatch/middleware/show_exceptions.rb:31:in `call'
railties (5.0.0.1) lib/rails/rack/logger.rb:36:in `call_app'
railties (5.0.0.1) lib/rails/rack/logger.rb:24:in `block in call'
activesupport (5.0.0.1) lib/active_support/tagged_logging.rb:70:in `block in tagged'
activesupport (5.0.0.1) lib/active_support/tagged_logging.rb:26:in `tagged'
activesupport (5.0.0.1) lib/active_support/tagged_logging.rb:70:in `tagged'
railties (5.0.0.1) lib/rails/rack/logger.rb:24:in `call'
actionpack (5.0.0.1) lib/action_dispatch/middleware/request_id.rb:24:in `call'
rack (2.0.1) lib/rack/runtime.rb:22:in `call'
activesupport (5.0.0.1) lib/active_support/cache/strategy/local_cache_middleware.rb:28:in `call'
actionpack (5.0.0.1) lib/action_dispatch/middleware/executor.rb:12:in `call'
actionpack (5.0.0.1) lib/action_dispatch/middleware/static.rb:136:in `call'
rack (2.0.1) lib/rack/sendfile.rb:111:in `call'
rack-cors (0.4.0) lib/rack/cors.rb:80:in `call'
railties (5.0.0.1) lib/rails/engine.rb:522:in `call'
puma (3.6.0) lib/puma/configuration.rb:225:in `call'
puma (3.6.0) lib/puma/server.rb:578:in `handle_request'
puma (3.6.0) lib/puma/server.rb:415:in `process_client'
puma (3.6.0) lib/puma/server.rb:275:in `block in run'
puma (3.6.0) lib/puma/thread_pool.rb:116:in `block in spawn_thread'
Started GET "/api/v1/boards" for ::1 at 2016-08-12 18:03:45 -0400
  [1m[36mActiveRecord::SchemaMigration Load (0.3ms)[0m  [1m[34mSELECT "schema_migrations".* FROM "schema_migrations"[0m
Processing by Api::V1::BoardsController#index as HTML
  [1m[36mBoard Load (0.3ms)[0m  [1m[34mSELECT "boards".* FROM "boards"[0m
[active_model_serializers]   [1m[36mBoard Load (0.2ms)[0m  [1m[34mSELECT "boards".* FROM "boards"[0m
[active_model_serializers] Rendered ActiveModel::Serializer::CollectionSerializer with ActiveModelSerializers::Adapter::JsonApi (4.29ms)
Completed 200 OK in 24ms (Views: 16.1ms | ActiveRecord: 3.3ms)


Started GET "/api/v1/boards" for ::1 at 2016-08-12 18:03:59 -0400
Processing by Api::V1::BoardsController#index as HTML
  [1m[36mBoard Load (0.3ms)[0m  [1m[34mSELECT "boards".* FROM "boards"[0m
[active_model_serializers] Rendered ActiveModel::Serializer::CollectionSerializer with ActiveModelSerializers::Adapter::JsonApi (0.74ms)
Completed 200 OK in 12ms (Views: 6.3ms | ActiveRecord: 2.3ms)


Started GET "/favicon.ico" for ::1 at 2016-08-12 18:03:59 -0400
  
ActionController::RoutingError (No route matches [GET] "/favicon.ico"):
  
actionpack (5.0.0.1) lib/action_dispatch/middleware/debug_exceptions.rb:53:in `call'
actionpack (5.0.0.1) lib/action_dispatch/middleware/show_exceptions.rb:31:in `call'
railties (5.0.0.1) lib/rails/rack/logger.rb:36:in `call_app'
railties (5.0.0.1) lib/rails/rack/logger.rb:24:in `block in call'
activesupport (5.0.0.1) lib/active_support/tagged_logging.rb:70:in `block in tagged'
activesupport (5.0.0.1) lib/active_support/tagged_logging.rb:26:in `tagged'
activesupport (5.0.0.1) lib/active_support/tagged_logging.rb:70:in `tagged'
railties (5.0.0.1) lib/rails/rack/logger.rb:24:in `call'
actionpack (5.0.0.1) lib/action_dispatch/middleware/request_id.rb:24:in `call'
rack (2.0.1) lib/rack/runtime.rb:22:in `call'
activesupport (5.0.0.1) lib/active_support/cache/strategy/local_cache_middleware.rb:28:in `call'
actionpack (5.0.0.1) lib/action_dispatch/middleware/executor.rb:12:in `call'
actionpack (5.0.0.1) lib/action_dispatch/middleware/static.rb:136:in `call'
rack (2.0.1) lib/rack/sendfile.rb:111:in `call'
rack-cors (0.4.0) lib/rack/cors.rb:80:in `call'
railties (5.0.0.1) lib/rails/engine.rb:522:in `call'
puma (3.6.0) lib/puma/configuration.rb:225:in `call'
puma (3.6.0) lib/puma/server.rb:578:in `handle_request'
puma (3.6.0) lib/puma/server.rb:415:in `process_client'
puma (3.6.0) lib/puma/server.rb:275:in `block in run'
puma (3.6.0) lib/puma/thread_pool.rb:116:in `block in spawn_thread'
Started GET "/api/v1/boards" for ::1 at 2016-08-12 18:04:00 -0400
Processing by Api::V1::BoardsController#index as HTML
  [1m[36mBoard Load (0.2ms)[0m  [1m[34mSELECT "boards".* FROM "boards"[0m
[active_model_serializers] Rendered ActiveModel::Serializer::CollectionSerializer with ActiveModelSerializers::Adapter::JsonApi (0.43ms)
Completed 200 OK in 2ms (Views: 1.3ms | ActiveRecord: 0.2ms)


Started GET "/api/v1/boards" for ::1 at 2016-08-12 18:04:00 -0400
Processing by Api::V1::BoardsController#index as HTML
  [1m[36mBoard Load (0.2ms)[0m  [1m[34mSELECT "boards".* FROM "boards"[0m
[active_model_serializers] Rendered ActiveModel::Serializer::CollectionSerializer with ActiveModelSerializers::Adapter::JsonApi (0.47ms)
Completed 200 OK in 2ms (Views: 1.3ms | ActiveRecord: 0.2ms)


Started GET "/api/v1/boards" for ::1 at 2016-08-12 18:04:08 -0400
  [1m[36mActiveRecord::SchemaMigration Load (0.4ms)[0m  [1m[34mSELECT "schema_migrations".* FROM "schema_migrations"[0m
Processing by Api::V1::BoardsController#index as HTML
  [1m[36mBoard Load (0.4ms)[0m  [1m[34mSELECT "boards".* FROM "boards"[0m
[active_model_serializers] Rendered ActiveModel::Serializer::CollectionSerializer with ActiveModelSerializers::Adapter::JsonApi (2.06ms)
Completed 200 OK in 18ms (Views: 11.0ms | ActiveRecord: 2.7ms)


  [1m[36mBoard Load (1.2ms)[0m  [1m[34mSELECT "boards".* FROM "boards"[0m
Started GET "/api/v1/boards" for ::1 at 2016-08-12 18:06:06 -0400
  [1m[36mActiveRecord::SchemaMigration Load (0.4ms)[0m  [1m[34mSELECT "schema_migrations".* FROM "schema_migrations"[0m
Processing by Api::V1::BoardsController#index as HTML
  [1m[36mBoard Load (0.4ms)[0m  [1m[34mSELECT "boards".* FROM "boards"[0m
[active_model_serializers]   [1m[36mBoard Load (0.3ms)[0m  [1m[34mSELECT "boards".* FROM "boards"[0m
[active_model_serializers] Rendered ActiveModel::Serializer::CollectionSerializer with ActiveModelSerializers::Adapter::JsonApi (3.28ms)
Completed 200 OK in 19ms (Views: 11.7ms | ActiveRecord: 2.9ms)


  [1m[36mActiveRecord::SchemaMigration Load (0.3ms)[0m  [1m[34mSELECT "schema_migrations".* FROM "schema_migrations"[0m
  [1m[36mBoard Load (0.3ms)[0m  [1m[34mSELECT "boards".* FROM "boards"[0m
  [1m[35m (0.1ms)[0m  [1m[35mBEGIN[0m
  [1m[35mSQL (0.3ms)[0m  [1m[31mDELETE FROM "boards" WHERE "boards"."id" = $1[0m  [["id", 6]]
  [1m[35m (1.0ms)[0m  [1m[35mCOMMIT[0m
  [1m[36mCategory Load (0.4ms)[0m  [1m[34mSELECT "categories".* FROM "categories"[0m
  [1m[35m (0.1ms)[0m  [1m[35mBEGIN[0m
  [1m[35mSQL (0.2ms)[0m  [1m[31mDELETE FROM "categories" WHERE "categories"."id" = $1[0m  [["id", 10]]
  [1m[35m (0.3ms)[0m  [1m[35mCOMMIT[0m
  [1m[35m (0.1ms)[0m  [1m[35mBEGIN[0m
  [1m[35mSQL (0.2ms)[0m  [1m[31mDELETE FROM "categories" WHERE "categories"."id" = $1[0m  [["id", 11]]
  [1m[35m (0.2ms)[0m  [1m[35mCOMMIT[0m
  [1m[35m (0.1ms)[0m  [1m[35mBEGIN[0m
  [1m[35mSQL (0.2ms)[0m  [1m[31mDELETE FROM "categories" WHERE "categories"."id" = $1[0m  [["id", 12]]
  [1m[35m (0.3ms)[0m  [1m[35mCOMMIT[0m
  [1m[35m (0.1ms)[0m  [1m[35mBEGIN[0m
  [1m[35mSQL (0.2ms)[0m  [1m[31mDELETE FROM "categories" WHERE "categories"."id" = $1[0m  [["id", 13]]
  [1m[35m (0.3ms)[0m  [1m[35mCOMMIT[0m
  [1m[35m (0.1ms)[0m  [1m[35mBEGIN[0m
  [1m[35mSQL (0.2ms)[0m  [1m[31mDELETE FROM "categories" WHERE "categories"."id" = $1[0m  [["id", 14]]
  [1m[35m (0.3ms)[0m  [1m[35mCOMMIT[0m
  [1m[35m (0.1ms)[0m  [1m[35mBEGIN[0m
  [1m[35mSQL (0.1ms)[0m  [1m[31mDELETE FROM "categories" WHERE "categories"."id" = $1[0m  [["id", 15]]
  [1m[35m (0.3ms)[0m  [1m[35mCOMMIT[0m
  [1m[36mQuestion Load (0.3ms)[0m  [1m[34mSELECT "questions".* FROM "questions"[0m
  [1m[35m (0.1ms)[0m  [1m[35mBEGIN[0m
  [1m[35mSQL (0.2ms)[0m  [1m[31mDELETE FROM "questions" WHERE "questions"."id" = $1[0m  [["id", 4]]
  [1m[35m (0.3ms)[0m  [1m[35mCOMMIT[0m
  [1m[36mUser Load (0.3ms)[0m  [1m[34mSELECT "users".* FROM "users"[0m
  [1m[35m (0.2ms)[0m  [1m[35mBEGIN[0m
  [1m[35mSQL (0.2ms)[0m  [1m[31mDELETE FROM "users" WHERE "users"."id" = $1[0m  [["id", 4]]
  [1m[35m (0.3ms)[0m  [1m[35mCOMMIT[0m
  [1m[36mPlayer Load (0.3ms)[0m  [1m[34mSELECT "players".* FROM "players"[0m
  [1m[35m (0.1ms)[0m  [1m[35mBEGIN[0m
  [1m[35mSQL (0.2ms)[0m  [1m[31mDELETE FROM "players" WHERE "players"."id" = $1[0m  [["id", 4]]
  [1m[35m (0.2ms)[0m  [1m[35mCOMMIT[0m
  [1m[36mOption Load (0.3ms)[0m  [1m[34mSELECT "options".* FROM "options"[0m
  [1m[35m (0.1ms)[0m  [1m[35mBEGIN[0m
  [1m[35mSQL (0.2ms)[0m  [1m[31mDELETE FROM "options" WHERE "options"."id" = $1[0m  [["id", 13]]
  [1m[35m (0.2ms)[0m  [1m[35mCOMMIT[0m
  [1m[35m (0.1ms)[0m  [1m[35mBEGIN[0m
  [1m[35mSQL (0.1ms)[0m  [1m[31mDELETE FROM "options" WHERE "options"."id" = $1[0m  [["id", 14]]
  [1m[35m (0.2ms)[0m  [1m[35mCOMMIT[0m
  [1m[35m (0.0ms)[0m  [1m[35mBEGIN[0m
  [1m[35mSQL (0.1ms)[0m  [1m[31mDELETE FROM "options" WHERE "options"."id" = $1[0m  [["id", 15]]
  [1m[35m (0.3ms)[0m  [1m[35mCOMMIT[0m
  [1m[35m (0.1ms)[0m  [1m[35mBEGIN[0m
  [1m[35mSQL (0.1ms)[0m  [1m[31mDELETE FROM "options" WHERE "options"."id" = $1[0m  [["id", 16]]
  [1m[35m (0.3ms)[0m  [1m[35mCOMMIT[0m
  [1m[35m (0.1ms)[0m  [1m[35mBEGIN[0m
  [1m[35mSQL (0.3ms)[0m  [1m[32mINSERT INTO "boards" ("topic", "created_at", "updated_at") VALUES ($1, $2, $3) RETURNING "id"[0m  [["topic", "math"], ["created_at", 2016-08-12 22:06:18 UTC], ["updated_at", 2016-08-12 22:06:18 UTC]]
  [1m[35m (0.3ms)[0m  [1m[35mCOMMIT[0m
  [1m[35m (0.1ms)[0m  [1m[35mBEGIN[0m
  [1m[35mSQL (0.2ms)[0m  [1m[32mINSERT INTO "boards" ("topic", "created_at", "updated_at") VALUES ($1, $2, $3) RETURNING "id"[0m  [["topic", "science"], ["created_at", 2016-08-12 22:06:18 UTC], ["updated_at", 2016-08-12 22:06:18 UTC]]
  [1m[35m (0.3ms)[0m  [1m[35mCOMMIT[0m
  [1m[35m (0.1ms)[0m  [1m[35mBEGIN[0m
  [1m[35mSQL (0.2ms)[0m  [1m[32mINSERT INTO "boards" ("topic", "created_at", "updated_at") VALUES ($1, $2, $3) RETURNING "id"[0m  [["topic", "english"], ["created_at", 2016-08-12 22:06:18 UTC], ["updated_at", 2016-08-12 22:06:18 UTC]]
  [1m[35m (0.3ms)[0m  [1m[35mCOMMIT[0m
  [1m[35m (0.1ms)[0m  [1m[35mBEGIN[0m
  [1m[35mSQL (0.1ms)[0m  [1m[32mINSERT INTO "boards" ("topic", "created_at", "updated_at") VALUES ($1, $2, $3) RETURNING "id"[0m  [["topic", "reading"], ["created_at", 2016-08-12 22:06:18 UTC], ["updated_at", 2016-08-12 22:06:18 UTC]]
  [1m[35m (0.2ms)[0m  [1m[35mCOMMIT[0m
  [1m[35m (0.1ms)[0m  [1m[35mBEGIN[0m
  [1m[35mSQL (0.2ms)[0m  [1m[32mINSERT INTO "boards" ("topic", "created_at", "updated_at") VALUES ($1, $2, $3) RETURNING "id"[0m  [["topic", "art"], ["created_at", 2016-08-12 22:06:18 UTC], ["updated_at", 2016-08-12 22:06:18 UTC]]
  [1m[35m (0.2ms)[0m  [1m[35mCOMMIT[0m
  [1m[35m (0.1ms)[0m  [1m[35mBEGIN[0m
  [1m[35mSQL (0.2ms)[0m  [1m[32mINSERT INTO "boards" ("topic", "created_at", "updated_at") VALUES ($1, $2, $3) RETURNING "id"[0m  [["topic", "history"], ["created_at", 2016-08-12 22:06:18 UTC], ["updated_at", 2016-08-12 22:06:18 UTC]]
  [1m[35m (0.4ms)[0m  [1m[35mCOMMIT[0m
  [1m[35m (0.1ms)[0m  [1m[35mBEGIN[0m
  [1m[35mSQL (0.3ms)[0m  [1m[32mINSERT INTO "categories" ("board_id", "name", "created_at", "updated_at") VALUES ($1, $2, $3, $4) RETURNING "id"[0m  [["board_id", 7], ["name", "num 1"], ["created_at", 2016-08-12 22:06:18 UTC], ["updated_at", 2016-08-12 22:06:18 UTC]]
  [1m[35m (0.3ms)[0m  [1m[35mCOMMIT[0m
  [1m[35m (0.1ms)[0m  [1m[35mBEGIN[0m
  [1m[35mSQL (0.2ms)[0m  [1m[32mINSERT INTO "categories" ("board_id", "name", "created_at", "updated_at") VALUES ($1, $2, $3, $4) RETURNING "id"[0m  [["board_id", 8], ["name", "num 2"], ["created_at", 2016-08-12 22:06:18 UTC], ["updated_at", 2016-08-12 22:06:18 UTC]]
  [1m[35m (0.3ms)[0m  [1m[35mCOMMIT[0m
  [1m[35m (0.1ms)[0m  [1m[35mBEGIN[0m
  [1m[35mSQL (0.2ms)[0m  [1m[32mINSERT INTO "categories" ("board_id", "name", "created_at", "updated_at") VALUES ($1, $2, $3, $4) RETURNING "id"[0m  [["board_id", 9], ["name", "num 3"], ["created_at", 2016-08-12 22:06:18 UTC], ["updated_at", 2016-08-12 22:06:18 UTC]]
  [1m[35m (0.3ms)[0m  [1m[35mCOMMIT[0m
  [1m[35m (0.1ms)[0m  [1m[35mBEGIN[0m
  [1m[35mSQL (0.1ms)[0m  [1m[32mINSERT INTO "categories" ("board_id", "name", "created_at", "updated_at") VALUES ($1, $2, $3, $4) RETURNING "id"[0m  [["board_id", 10], ["name", "num 4"], ["created_at", 2016-08-12 22:06:18 UTC], ["updated_at", 2016-08-12 22:06:18 UTC]]
  [1m[35m (0.3ms)[0m  [1m[35mCOMMIT[0m
  [1m[35m (0.1ms)[0m  [1m[35mBEGIN[0m
  [1m[35mSQL (0.2ms)[0m  [1m[32mINSERT INTO "categories" ("board_id", "name", "created_at", "updated_at") VALUES ($1, $2, $3, $4) RETURNING "id"[0m  [["board_id", 11], ["name", "num 5"], ["created_at", 2016-08-12 22:06:18 UTC], ["updated_at", 2016-08-12 22:06:18 UTC]]
  [1m[35m (0.3ms)[0m  [1m[35mCOMMIT[0m
  [1m[35m (0.1ms)[0m  [1m[35mBEGIN[0m
  [1m[35mSQL (0.2ms)[0m  [1m[32mINSERT INTO "categories" ("board_id", "name", "created_at", "updated_at") VALUES ($1, $2, $3, $4) RETURNING "id"[0m  [["board_id", 12], ["name", "num 6"], ["created_at", 2016-08-12 22:06:18 UTC], ["updated_at", 2016-08-12 22:06:18 UTC]]
  [1m[35m (0.2ms)[0m  [1m[35mCOMMIT[0m
  [1m[35m (0.1ms)[0m  [1m[35mBEGIN[0m
  [1m[35mSQL (0.3ms)[0m  [1m[32mINSERT INTO "questions" ("category_id", "difficulty", "content", "created_at", "updated_at") VALUES ($1, $2, $3, $4, $5) RETURNING "id"[0m  [["category_id", 16], ["difficulty", 100], ["content", "what is 5+5?"], ["created_at", 2016-08-12 22:06:18 UTC], ["updated_at", 2016-08-12 22:06:18 UTC]]
  [1m[35m (0.3ms)[0m  [1m[35mCOMMIT[0m
  [1m[35m (0.1ms)[0m  [1m[35mBEGIN[0m
  [1m[35mSQL (0.4ms)[0m  [1m[32mINSERT INTO "users" ("first_name", "last_name", "hometown", "password_digest", "tagline", "created_at", "updated_at") VALUES ($1, $2, $3, $4, $5, $6, $7) RETURNING "id"[0m  [["first_name", "flat"], ["last_name", "iron"], ["hometown", "philly"], ["password_digest", "flatiron"], ["tagline", "working"], ["created_at", 2016-08-12 22:06:18 UTC], ["updated_at", 2016-08-12 22:06:18 UTC]]
  [1m[35m (0.2ms)[0m  [1m[35mCOMMIT[0m
  [1m[36mActiveRecord::SchemaMigration Load (0.3ms)[0m  [1m[34mSELECT "schema_migrations".* FROM "schema_migrations"[0m
  [1m[36mBoard Load (0.4ms)[0m  [1m[34mSELECT "boards".* FROM "boards"[0m
  [1m[35m (0.1ms)[0m  [1m[35mBEGIN[0m
  [1m[35mSQL (0.2ms)[0m  [1m[31mDELETE FROM "boards" WHERE "boards"."id" = $1[0m  [["id", 7]]
  [1m[35m (1.0ms)[0m  [1m[35mCOMMIT[0m
  [1m[35m (0.1ms)[0m  [1m[35mBEGIN[0m
  [1m[35mSQL (0.2ms)[0m  [1m[31mDELETE FROM "boards" WHERE "boards"."id" = $1[0m  [["id", 8]]
  [1m[35m (0.3ms)[0m  [1m[35mCOMMIT[0m
  [1m[35m (0.1ms)[0m  [1m[35mBEGIN[0m
  [1m[35mSQL (0.2ms)[0m  [1m[31mDELETE FROM "boards" WHERE "boards"."id" = $1[0m  [["id", 9]]
  [1m[35m (0.2ms)[0m  [1m[35mCOMMIT[0m
  [1m[35m (0.1ms)[0m  [1m[35mBEGIN[0m
  [1m[35mSQL (0.2ms)[0m  [1m[31mDELETE FROM "boards" WHERE "boards"."id" = $1[0m  [["id", 10]]
  [1m[35m (0.3ms)[0m  [1m[35mCOMMIT[0m
  [1m[35m (0.1ms)[0m  [1m[35mBEGIN[0m
  [1m[35mSQL (0.2ms)[0m  [1m[31mDELETE FROM "boards" WHERE "boards"."id" = $1[0m  [["id", 11]]
  [1m[35m (0.3ms)[0m  [1m[35mCOMMIT[0m
  [1m[35m (0.1ms)[0m  [1m[35mBEGIN[0m
  [1m[35mSQL (0.1ms)[0m  [1m[31mDELETE FROM "boards" WHERE "boards"."id" = $1[0m  [["id", 12]]
  [1m[35m (0.3ms)[0m  [1m[35mCOMMIT[0m
  [1m[36mCategory Load (0.3ms)[0m  [1m[34mSELECT "categories".* FROM "categories"[0m
  [1m[35m (0.1ms)[0m  [1m[35mBEGIN[0m
  [1m[35mSQL (0.2ms)[0m  [1m[31mDELETE FROM "categories" WHERE "categories"."id" = $1[0m  [["id", 16]]
  [1m[35m (0.3ms)[0m  [1m[35mCOMMIT[0m
  [1m[35m (0.1ms)[0m  [1m[35mBEGIN[0m
  [1m[35mSQL (0.2ms)[0m  [1m[31mDELETE FROM "categories" WHERE "categories"."id" = $1[0m  [["id", 17]]
  [1m[35m (0.3ms)[0m  [1m[35mCOMMIT[0m
  [1m[35m (0.1ms)[0m  [1m[35mBEGIN[0m
  [1m[35mSQL (0.2ms)[0m  [1m[31mDELETE FROM "categories" WHERE "categories"."id" = $1[0m  [["id", 18]]
  [1m[35m (0.3ms)[0m  [1m[35mCOMMIT[0m
  [1m[35m (0.1ms)[0m  [1m[35mBEGIN[0m
  [1m[35mSQL (0.2ms)[0m  [1m[31mDELETE FROM "categories" WHERE "categories"."id" = $1[0m  [["id", 19]]
  [1m[35m (0.3ms)[0m  [1m[35mCOMMIT[0m
  [1m[35m (0.1ms)[0m  [1m[35mBEGIN[0m
  [1m[35mSQL (0.2ms)[0m  [1m[31mDELETE FROM "categories" WHERE "categories"."id" = $1[0m  [["id", 20]]
  [1m[35m (0.3ms)[0m  [1m[35mCOMMIT[0m
  [1m[35m (0.1ms)[0m  [1m[35mBEGIN[0m
  [1m[35mSQL (0.2ms)[0m  [1m[31mDELETE FROM "categories" WHERE "categories"."id" = $1[0m  [["id", 21]]
  [1m[35m (0.4ms)[0m  [1m[35mCOMMIT[0m
  [1m[36mQuestion Load (0.3ms)[0m  [1m[34mSELECT "questions".* FROM "questions"[0m
  [1m[35m (0.1ms)[0m  [1m[35mBEGIN[0m
  [1m[35mSQL (0.2ms)[0m  [1m[31mDELETE FROM "questions" WHERE "questions"."id" = $1[0m  [["id", 5]]
  [1m[35m (0.3ms)[0m  [1m[35mCOMMIT[0m
  [1m[36mUser Load (0.3ms)[0m  [1m[34mSELECT "users".* FROM "users"[0m
  [1m[35m (0.1ms)[0m  [1m[35mBEGIN[0m
  [1m[35mSQL (0.2ms)[0m  [1m[31mDELETE FROM "users" WHERE "users"."id" = $1[0m  [["id", 5]]
  [1m[35m (0.3ms)[0m  [1m[35mCOMMIT[0m
  [1m[36mPlayer Load (0.3ms)[0m  [1m[34mSELECT "players".* FROM "players"[0m
  [1m[36mOption Load (0.2ms)[0m  [1m[34mSELECT "options".* FROM "options"[0m
  [1m[35m (0.1ms)[0m  [1m[35mBEGIN[0m
  [1m[35mSQL (0.3ms)[0m  [1m[32mINSERT INTO "boards" ("topic", "created_at", "updated_at") VALUES ($1, $2, $3) RETURNING "id"[0m  [["topic", "math"], ["created_at", 2016-08-12 22:06:34 UTC], ["updated_at", 2016-08-12 22:06:34 UTC]]
  [1m[35m (0.3ms)[0m  [1m[35mCOMMIT[0m
  [1m[35m (0.1ms)[0m  [1m[35mBEGIN[0m
  [1m[35mSQL (0.2ms)[0m  [1m[32mINSERT INTO "boards" ("topic", "created_at", "updated_at") VALUES ($1, $2, $3) RETURNING "id"[0m  [["topic", "science"], ["created_at", 2016-08-12 22:06:34 UTC], ["updated_at", 2016-08-12 22:06:34 UTC]]
  [1m[35m (0.3ms)[0m  [1m[35mCOMMIT[0m
  [1m[35m (0.1ms)[0m  [1m[35mBEGIN[0m
  [1m[35mSQL (0.2ms)[0m  [1m[32mINSERT INTO "boards" ("topic", "created_at", "updated_at") VALUES ($1, $2, $3) RETURNING "id"[0m  [["topic", "english"], ["created_at", 2016-08-12 22:06:34 UTC], ["updated_at", 2016-08-12 22:06:34 UTC]]
  [1m[35m (0.3ms)[0m  [1m[35mCOMMIT[0m
  [1m[35m (0.1ms)[0m  [1m[35mBEGIN[0m
  [1m[35mSQL (0.2ms)[0m  [1m[32mINSERT INTO "boards" ("topic", "created_at", "updated_at") VALUES ($1, $2, $3) RETURNING "id"[0m  [["topic", "reading"], ["created_at", 2016-08-12 22:06:34 UTC], ["updated_at", 2016-08-12 22:06:34 UTC]]
  [1m[35m (0.3ms)[0m  [1m[35mCOMMIT[0m
  [1m[35m (0.1ms)[0m  [1m[35mBEGIN[0m
  [1m[35mSQL (0.2ms)[0m  [1m[32mINSERT INTO "boards" ("topic", "created_at", "updated_at") VALUES ($1, $2, $3) RETURNING "id"[0m  [["topic", "art"], ["created_at", 2016-08-12 22:06:34 UTC], ["updated_at", 2016-08-12 22:06:34 UTC]]
  [1m[35m (0.2ms)[0m  [1m[35mCOMMIT[0m
  [1m[35m (0.1ms)[0m  [1m[35mBEGIN[0m
  [1m[35mSQL (0.2ms)[0m  [1m[32mINSERT INTO "boards" ("topic", "created_at", "updated_at") VALUES ($1, $2, $3) RETURNING "id"[0m  [["topic", "history"], ["created_at", 2016-08-12 22:06:34 UTC], ["updated_at", 2016-08-12 22:06:34 UTC]]
  [1m[35m (0.3ms)[0m  [1m[35mCOMMIT[0m
  [1m[35m (0.1ms)[0m  [1m[35mBEGIN[0m
  [1m[35mSQL (0.3ms)[0m  [1m[32mINSERT INTO "categories" ("board_id", "name", "created_at", "updated_at") VALUES ($1, $2, $3, $4) RETURNING "id"[0m  [["board_id", 13], ["name", "num 1"], ["created_at", 2016-08-12 22:06:34 UTC], ["updated_at", 2016-08-12 22:06:34 UTC]]
  [1m[35m (0.2ms)[0m  [1m[35mCOMMIT[0m
  [1m[35m (0.1ms)[0m  [1m[35mBEGIN[0m
  [1m[35mSQL (0.3ms)[0m  [1m[32mINSERT INTO "categories" ("board_id", "name", "created_at", "updated_at") VALUES ($1, $2, $3, $4) RETURNING "id"[0m  [["board_id", 14], ["name", "num 2"], ["created_at", 2016-08-12 22:06:34 UTC], ["updated_at", 2016-08-12 22:06:34 UTC]]
  [1m[35m (0.3ms)[0m  [1m[35mCOMMIT[0m
  [1m[35m (0.1ms)[0m  [1m[35mBEGIN[0m
  [1m[35mSQL (0.2ms)[0m  [1m[32mINSERT INTO "categories" ("board_id", "name", "created_at", "updated_at") VALUES ($1, $2, $3, $4) RETURNING "id"[0m  [["board_id", 15], ["name", "num 3"], ["created_at", 2016-08-12 22:06:34 UTC], ["updated_at", 2016-08-12 22:06:34 UTC]]
  [1m[35m (0.3ms)[0m  [1m[35mCOMMIT[0m
  [1m[35m (0.1ms)[0m  [1m[35mBEGIN[0m
  [1m[35mSQL (0.2ms)[0m  [1m[32mINSERT INTO "categories" ("board_id", "name", "created_at", "updated_at") VALUES ($1, $2, $3, $4) RETURNING "id"[0m  [["board_id", 16], ["name", "num 4"], ["created_at", 2016-08-12 22:06:34 UTC], ["updated_at", 2016-08-12 22:06:34 UTC]]
  [1m[35m (0.3ms)[0m  [1m[35mCOMMIT[0m
  [1m[35m (0.1ms)[0m  [1m[35mBEGIN[0m
  [1m[35mSQL (0.2ms)[0m  [1m[32mINSERT INTO "categories" ("board_id", "name", "created_at", "updated_at") VALUES ($1, $2, $3, $4) RETURNING "id"[0m  [["board_id", 17], ["name", "num 5"], ["created_at", 2016-08-12 22:06:34 UTC], ["updated_at", 2016-08-12 22:06:34 UTC]]
  [1m[35m (0.3ms)[0m  [1m[35mCOMMIT[0m
  [1m[35m (0.1ms)[0m  [1m[35mBEGIN[0m
  [1m[35mSQL (0.2ms)[0m  [1m[32mINSERT INTO "categories" ("board_id", "name", "created_at", "updated_at") VALUES ($1, $2, $3, $4) RETURNING "id"[0m  [["board_id", 18], ["name", "num 6"], ["created_at", 2016-08-12 22:06:34 UTC], ["updated_at", 2016-08-12 22:06:34 UTC]]
  [1m[35m (0.3ms)[0m  [1m[35mCOMMIT[0m
  [1m[35m (0.1ms)[0m  [1m[35mBEGIN[0m
  [1m[35mSQL (0.3ms)[0m  [1m[32mINSERT INTO "questions" ("category_id", "difficulty", "content", "created_at", "updated_at") VALUES ($1, $2, $3, $4, $5) RETURNING "id"[0m  [["category_id", 22], ["difficulty", 100], ["content", "what is 5+5?"], ["created_at", 2016-08-12 22:06:34 UTC], ["updated_at", 2016-08-12 22:06:34 UTC]]
  [1m[35m (0.3ms)[0m  [1m[35mCOMMIT[0m
  [1m[35m (0.1ms)[0m  [1m[35mBEGIN[0m
  [1m[35mSQL (0.2ms)[0m  [1m[32mINSERT INTO "users" ("first_name", "last_name", "hometown", "password_digest", "tagline", "created_at", "updated_at") VALUES ($1, $2, $3, $4, $5, $6, $7) RETURNING "id"[0m  [["first_name", "flat"], ["last_name", "iron"], ["hometown", "philly"], ["password_digest", "flatiron"], ["tagline", "working"], ["created_at", 2016-08-12 22:06:34 UTC], ["updated_at", 2016-08-12 22:06:34 UTC]]
  [1m[35m (0.3ms)[0m  [1m[35mCOMMIT[0m
  [1m[35m (0.1ms)[0m  [1m[35mBEGIN[0m
  [1m[35mSQL (0.2ms)[0m  [1m[32mINSERT INTO "players" ("board_id", "user_id", "points", "created_at", "updated_at") VALUES ($1, $2, $3, $4, $5) RETURNING "id"[0m  [["board_id", 13], ["user_id", 6], ["points", 100], ["created_at", 2016-08-12 22:06:34 UTC], ["updated_at", 2016-08-12 22:06:34 UTC]]
  [1m[35m (0.3ms)[0m  [1m[35mCOMMIT[0m
  [1m[35m (0.1ms)[0m  [1m[35mBEGIN[0m
  [1m[35mSQL (0.3ms)[0m  [1m[32mINSERT INTO "options" ("question_id", "correct", "content", "created_at", "updated_at") VALUES ($1, $2, $3, $4, $5) RETURNING "id"[0m  [["question_id", 6], ["correct", false], ["content", "5"], ["created_at", 2016-08-12 22:06:34 UTC], ["updated_at", 2016-08-12 22:06:34 UTC]]
  [1m[35m (0.3ms)[0m  [1m[35mCOMMIT[0m
  [1m[35m (0.1ms)[0m  [1m[35mBEGIN[0m
  [1m[35mSQL (0.2ms)[0m  [1m[32mINSERT INTO "options" ("question_id", "correct", "content", "created_at", "updated_at") VALUES ($1, $2, $3, $4, $5) RETURNING "id"[0m  [["question_id", 6], ["correct", false], ["content", "7"], ["created_at", 2016-08-12 22:06:34 UTC], ["updated_at", 2016-08-12 22:06:34 UTC]]
  [1m[35m (0.3ms)[0m  [1m[35mCOMMIT[0m
  [1m[35m (0.1ms)[0m  [1m[35mBEGIN[0m
  [1m[35mSQL (0.2ms)[0m  [1m[32mINSERT INTO "options" ("question_id", "correct", "content", "created_at", "updated_at") VALUES ($1, $2, $3, $4, $5) RETURNING "id"[0m  [["question_id", 6], ["correct", false], ["content", "6"], ["created_at", 2016-08-12 22:06:34 UTC], ["updated_at", 2016-08-12 22:06:34 UTC]]
  [1m[35m (0.3ms)[0m  [1m[35mCOMMIT[0m
  [1m[35m (0.1ms)[0m  [1m[35mBEGIN[0m
  [1m[35mSQL (0.2ms)[0m  [1m[32mINSERT INTO "options" ("question_id", "correct", "content", "created_at", "updated_at") VALUES ($1, $2, $3, $4, $5) RETURNING "id"[0m  [["question_id", 6], ["correct", true], ["content", "10"], ["created_at", 2016-08-12 22:06:34 UTC], ["updated_at", 2016-08-12 22:06:34 UTC]]
  [1m[35m (0.3ms)[0m  [1m[35mCOMMIT[0m
Started GET "/api/v1/boards" for ::1 at 2016-08-12 18:06:39 -0400
Processing by Api::V1::BoardsController#index as HTML
  [1m[36mBoard Load (0.3ms)[0m  [1m[34mSELECT "boards".* FROM "boards"[0m
[active_model_serializers]   [1m[36mCACHE (0.0ms)[0m  [1m[34mSELECT "boards".* FROM "boards"[0m
[active_model_serializers]   [1m[36mCACHE (0.0ms)[0m  [1m[34mSELECT "boards".* FROM "boards"[0m
[active_model_serializers]   [1m[36mCACHE (0.0ms)[0m  [1m[34mSELECT "boards".* FROM "boards"[0m
[active_model_serializers]   [1m[36mCACHE (0.0ms)[0m  [1m[34mSELECT "boards".* FROM "boards"[0m
[active_model_serializers]   [1m[36mCACHE (0.0ms)[0m  [1m[34mSELECT "boards".* FROM "boards"[0m
[active_model_serializers]   [1m[36mCACHE (0.0ms)[0m  [1m[34mSELECT "boards".* FROM "boards"[0m
[active_model_serializers] Rendered ActiveModel::Serializer::CollectionSerializer with ActiveModelSerializers::Adapter::JsonApi (4.05ms)
Completed 200 OK in 6ms (Views: 5.4ms | ActiveRecord: 0.3ms)


  [1m[36mActiveRecord::SchemaMigration Load (0.3ms)[0m  [1m[34mSELECT "schema_migrations".* FROM "schema_migrations"[0m
  [1m[35m (0.5ms)[0m  [1m[34mSELECT "ar_internal_metadata"."value" FROM "ar_internal_metadata" WHERE "ar_internal_metadata"."key" = $1[0m  [["key", :environment]]
  [1m[36mActiveRecord::SchemaMigration Load (0.2ms)[0m  [1m[34mSELECT "schema_migrations".* FROM "schema_migrations"[0m
  [1m[35m (0.2ms)[0m  [1m[34mSELECT "ar_internal_metadata"."value" FROM "ar_internal_metadata" WHERE "ar_internal_metadata"."key" = $1[0m  [["key", :environment]]
  [1m[36mActiveRecord::SchemaMigration Load (0.1ms)[0m  [1m[34mSELECT "schema_migrations".* FROM "schema_migrations"[0m
  [1m[35m (0.2ms)[0m  [1m[34mSELECT "ar_internal_metadata"."value" FROM "ar_internal_metadata" WHERE "ar_internal_metadata"."key" = $1[0m  [["key", :environment]]
  [1m[35m (5044.8ms)[0m  [1m[35mDROP DATABASE IF EXISTS "codeChallenge_development"[0m
  [1m[36mActiveRecord::SchemaMigration Load (0.3ms)[0m  [1m[34mSELECT "schema_migrations".* FROM "schema_migrations"[0m
  [1m[35m (0.2ms)[0m  [1m[34mSELECT "ar_internal_metadata"."value" FROM "ar_internal_metadata" WHERE "ar_internal_metadata"."key" = $1[0m  [["key", :environment]]
  [1m[36mActiveRecord::SchemaMigration Load (0.1ms)[0m  [1m[34mSELECT "schema_migrations".* FROM "schema_migrations"[0m
  [1m[35m (0.1ms)[0m  [1m[34mSELECT "ar_internal_metadata"."value" FROM "ar_internal_metadata" WHERE "ar_internal_metadata"."key" = $1[0m  [["key", :environment]]
  [1m[36mActiveRecord::SchemaMigration Load (0.1ms)[0m  [1m[34mSELECT "schema_migrations".* FROM "schema_migrations"[0m
  [1m[35m (0.1ms)[0m  [1m[34mSELECT "ar_internal_metadata"."value" FROM "ar_internal_metadata" WHERE "ar_internal_metadata"."key" = $1[0m  [["key", :environment]]
  [1m[35m (117.6ms)[0m  [1m[35mDROP DATABASE IF EXISTS "codeChallenge_development"[0m
  [1m[35m (114.8ms)[0m  [1m[35mDROP DATABASE IF EXISTS "codeChallenge_test"[0m
  [1m[35m (295.6ms)[0m  [1m[35mCREATE DATABASE "codeChallenge_development" ENCODING = 'unicode'[0m
  [1m[35m (233.0ms)[0m  [1m[35mCREATE DATABASE "codeChallenge_test" ENCODING = 'unicode'[0m
  [1m[35mSQL (1.3ms)[0m  [1m[35mCREATE EXTENSION IF NOT EXISTS "plpgsql"[0m
  [1m[35m (5.5ms)[0m  [1m[35mCREATE TABLE "boards" ("id" serial primary key, "topic" character varying, "created_at" timestamp NOT NULL, "updated_at" timestamp NOT NULL)[0m
  [1m[35m (4.2ms)[0m  [1m[35mCREATE TABLE "categories" ("id" serial primary key, "board_id" integer, "name" character varying, "created_at" timestamp NOT NULL, "updated_at" timestamp NOT NULL)[0m
  [1m[35m (4.1ms)[0m  [1m[35mCREATE TABLE "options" ("id" serial primary key, "question_id" integer, "correct" boolean, "content" character varying, "created_at" timestamp NOT NULL, "updated_at" timestamp NOT NULL)[0m
  [1m[35m (2.0ms)[0m  [1m[35mCREATE TABLE "players" ("id" serial primary key, "board_id" integer, "user_id" integer, "points" integer, "created_at" timestamp NOT NULL, "updated_at" timestamp NOT NULL)[0m
  [1m[35m (3.1ms)[0m  [1m[35mCREATE TABLE "questions" ("id" serial primary key, "category_id" integer, "difficulty" integer, "content" character varying, "created_at" timestamp NOT NULL, "updated_at" timestamp NOT NULL)[0m
  [1m[35m (2.4ms)[0m  [1m[35mCREATE TABLE "users" ("id" serial primary key, "first_name" character varying, "last_name" character varying, "hometown" character varying, "password_digest" character varying, "tagline" character varying, "created_at" timestamp NOT NULL, "updated_at" timestamp NOT NULL)[0m
  [1m[35m (2.1ms)[0m  [1m[35mCREATE TABLE "schema_migrations" ("version" character varying PRIMARY KEY)[0m
  [1m[35m (0.5ms)[0m  [1m[34mSELECT version FROM "schema_migrations"[0m
  [1m[35m (0.3ms)[0m  [1m[32mINSERT INTO "schema_migrations" (version) VALUES ('20160812155644')[0m
  [1m[35m (0.4ms)[0m  [1m[32mINSERT INTO schema_migrations (version) VALUES ('20160812153226'), ('20160812154940'), ('20160812155446'), ('20160812155534'), ('20160812155559');

[0m
  [1m[35m (2.0ms)[0m  [1m[35mCREATE TABLE "ar_internal_metadata" ("key" character varying PRIMARY KEY, "value" character varying, "created_at" timestamp NOT NULL, "updated_at" timestamp NOT NULL)[0m
  [1m[36mActiveRecord::InternalMetadata Load (0.3ms)[0m  [1m[34mSELECT  "ar_internal_metadata".* FROM "ar_internal_metadata" WHERE "ar_internal_metadata"."key" = $1 LIMIT $2[0m  [["key", :environment], ["LIMIT", 1]]
  [1m[35m (0.2ms)[0m  [1m[35mBEGIN[0m
  [1m[35mSQL (0.4ms)[0m  [1m[32mINSERT INTO "ar_internal_metadata" ("key", "value", "created_at", "updated_at") VALUES ($1, $2, $3, $4) RETURNING "key"[0m  [["key", "environment"], ["value", "development"], ["created_at", 2016-08-12 22:07:54 UTC], ["updated_at", 2016-08-12 22:07:54 UTC]]
  [1m[35m (0.3ms)[0m  [1m[35mCOMMIT[0m
  [1m[36mActiveRecord::InternalMetadata Load (0.2ms)[0m  [1m[34mSELECT  "ar_internal_metadata".* FROM "ar_internal_metadata" WHERE "ar_internal_metadata"."key" = $1 LIMIT $2[0m  [["key", :environment], ["LIMIT", 1]]
  [1m[35m (0.1ms)[0m  [1m[35mBEGIN[0m
  [1m[35m (0.1ms)[0m  [1m[35mCOMMIT[0m
  [1m[35mSQL (0.4ms)[0m  [1m[35mCREATE EXTENSION IF NOT EXISTS "plpgsql"[0m
  [1m[35m (4.2ms)[0m  [1m[35mCREATE TABLE "boards" ("id" serial primary key, "topic" character varying, "created_at" timestamp NOT NULL, "updated_at" timestamp NOT NULL)[0m
  [1m[35m (3.0ms)[0m  [1m[35mCREATE TABLE "categories" ("id" serial primary key, "board_id" integer, "name" character varying, "created_at" timestamp NOT NULL, "updated_at" timestamp NOT NULL)[0m
  [1m[35m (4.2ms)[0m  [1m[35mCREATE TABLE "options" ("id" serial primary key, "question_id" integer, "correct" boolean, "content" character varying, "created_at" timestamp NOT NULL, "updated_at" timestamp NOT NULL)[0m
  [1m[35m (3.2ms)[0m  [1m[35mCREATE TABLE "players" ("id" serial primary key, "board_id" integer, "user_id" integer, "points" integer, "created_at" timestamp NOT NULL, "updated_at" timestamp NOT NULL)[0m
  [1m[35m (3.4ms)[0m  [1m[35mCREATE TABLE "questions" ("id" serial primary key, "category_id" integer, "difficulty" integer, "content" character varying, "created_at" timestamp NOT NULL, "updated_at" timestamp NOT NULL)[0m
  [1m[35m (2.6ms)[0m  [1m[35mCREATE TABLE "users" ("id" serial primary key, "first_name" character varying, "last_name" character varying, "hometown" character varying, "password_digest" character varying, "tagline" character varying, "created_at" timestamp NOT NULL, "updated_at" timestamp NOT NULL)[0m
  [1m[35m (1.8ms)[0m  [1m[35mCREATE TABLE "schema_migrations" ("version" character varying PRIMARY KEY)[0m
  [1m[35m (0.8ms)[0m  [1m[34mSELECT version FROM "schema_migrations"[0m
  [1m[35m (1.2ms)[0m  [1m[32mINSERT INTO "schema_migrations" (version) VALUES ('20160812155644')[0m
  [1m[35m (0.6ms)[0m  [1m[32mINSERT INTO schema_migrations (version) VALUES ('20160812153226'), ('20160812154940'), ('20160812155446'), ('20160812155534'), ('20160812155559');

[0m
  [1m[35m (2.2ms)[0m  [1m[35mCREATE TABLE "ar_internal_metadata" ("key" character varying PRIMARY KEY, "value" character varying, "created_at" timestamp NOT NULL, "updated_at" timestamp NOT NULL)[0m
  [1m[36mActiveRecord::InternalMetadata Load (0.2ms)[0m  [1m[34mSELECT  "ar_internal_metadata".* FROM "ar_internal_metadata" WHERE "ar_internal_metadata"."key" = $1 LIMIT $2[0m  [["key", :environment], ["LIMIT", 1]]
  [1m[35m (0.1ms)[0m  [1m[35mBEGIN[0m
  [1m[35mSQL (0.3ms)[0m  [1m[32mINSERT INTO "ar_internal_metadata" ("key", "value", "created_at", "updated_at") VALUES ($1, $2, $3, $4) RETURNING "key"[0m  [["key", "environment"], ["value", "development"], ["created_at", 2016-08-12 22:07:54 UTC], ["updated_at", 2016-08-12 22:07:54 UTC]]
  [1m[35m (0.3ms)[0m  [1m[35mCOMMIT[0m
  [1m[36mActiveRecord::InternalMetadata Load (0.2ms)[0m  [1m[34mSELECT  "ar_internal_metadata".* FROM "ar_internal_metadata" WHERE "ar_internal_metadata"."key" = $1 LIMIT $2[0m  [["key", :environment], ["LIMIT", 1]]
  [1m[35m (0.1ms)[0m  [1m[35mBEGIN[0m
  [1m[35m (0.1ms)[0m  [1m[35mCOMMIT[0m
  [1m[36mActiveRecord::SchemaMigration Load (0.2ms)[0m  [1m[34mSELECT "schema_migrations".* FROM "schema_migrations"[0m
  [1m[36mBoard Load (5.4ms)[0m  [1m[34mSELECT "boards".* FROM "boards"[0m
  [1m[36mCategory Load (0.6ms)[0m  [1m[34mSELECT "categories".* FROM "categories"[0m
  [1m[36mQuestion Load (0.3ms)[0m  [1m[34mSELECT "questions".* FROM "questions"[0m
  [1m[36mUser Load (0.5ms)[0m  [1m[34mSELECT "users".* FROM "users"[0m
  [1m[36mPlayer Load (0.5ms)[0m  [1m[34mSELECT "players".* FROM "players"[0m
  [1m[36mOption Load (0.5ms)[0m  [1m[34mSELECT "options".* FROM "options"[0m
  [1m[35m (0.1ms)[0m  [1m[35mBEGIN[0m
  [1m[35mSQL (0.4ms)[0m  [1m[32mINSERT INTO "boards" ("topic", "created_at", "updated_at") VALUES ($1, $2, $3) RETURNING "id"[0m  [["topic", "math"], ["created_at", 2016-08-12 22:07:54 UTC], ["updated_at", 2016-08-12 22:07:54 UTC]]
  [1m[35m (0.3ms)[0m  [1m[35mCOMMIT[0m
  [1m[35m (0.1ms)[0m  [1m[35mBEGIN[0m
  [1m[35mSQL (0.2ms)[0m  [1m[32mINSERT INTO "boards" ("topic", "created_at", "updated_at") VALUES ($1, $2, $3) RETURNING "id"[0m  [["topic", "science"], ["created_at", 2016-08-12 22:07:54 UTC], ["updated_at", 2016-08-12 22:07:54 UTC]]
  [1m[35m (0.2ms)[0m  [1m[35mCOMMIT[0m
  [1m[35m (0.1ms)[0m  [1m[35mBEGIN[0m
  [1m[35mSQL (0.2ms)[0m  [1m[32mINSERT INTO "boards" ("topic", "created_at", "updated_at") VALUES ($1, $2, $3) RETURNING "id"[0m  [["topic", "english"], ["created_at", 2016-08-12 22:07:54 UTC], ["updated_at", 2016-08-12 22:07:54 UTC]]
  [1m[35m (0.2ms)[0m  [1m[35mCOMMIT[0m
  [1m[35m (0.1ms)[0m  [1m[35mBEGIN[0m
  [1m[35mSQL (0.2ms)[0m  [1m[32mINSERT INTO "boards" ("topic", "created_at", "updated_at") VALUES ($1, $2, $3) RETURNING "id"[0m  [["topic", "reading"], ["created_at", 2016-08-12 22:07:54 UTC], ["updated_at", 2016-08-12 22:07:54 UTC]]
  [1m[35m (0.3ms)[0m  [1m[35mCOMMIT[0m
  [1m[35m (0.1ms)[0m  [1m[35mBEGIN[0m
  [1m[35mSQL (0.2ms)[0m  [1m[32mINSERT INTO "boards" ("topic", "created_at", "updated_at") VALUES ($1, $2, $3) RETURNING "id"[0m  [["topic", "art"], ["created_at", 2016-08-12 22:07:54 UTC], ["updated_at", 2016-08-12 22:07:54 UTC]]
  [1m[35m (0.3ms)[0m  [1m[35mCOMMIT[0m
  [1m[35m (0.1ms)[0m  [1m[35mBEGIN[0m
  [1m[35mSQL (0.2ms)[0m  [1m[32mINSERT INTO "boards" ("topic", "created_at", "updated_at") VALUES ($1, $2, $3) RETURNING "id"[0m  [["topic", "history"], ["created_at", 2016-08-12 22:07:54 UTC], ["updated_at", 2016-08-12 22:07:54 UTC]]
  [1m[35m (0.3ms)[0m  [1m[35mCOMMIT[0m
  [1m[35m (0.2ms)[0m  [1m[35mBEGIN[0m
  [1m[35mSQL (0.4ms)[0m  [1m[32mINSERT INTO "categories" ("board_id", "name", "created_at", "updated_at") VALUES ($1, $2, $3, $4) RETURNING "id"[0m  [["board_id", 1], ["name", "num 1"], ["created_at", 2016-08-12 22:07:54 UTC], ["updated_at", 2016-08-12 22:07:54 UTC]]
  [1m[35m (0.3ms)[0m  [1m[35mCOMMIT[0m
  [1m[35m (0.1ms)[0m  [1m[35mBEGIN[0m
  [1m[35mSQL (0.2ms)[0m  [1m[32mINSERT INTO "categories" ("board_id", "name", "created_at", "updated_at") VALUES ($1, $2, $3, $4) RETURNING "id"[0m  [["board_id", 2], ["name", "num 2"], ["created_at", 2016-08-12 22:07:54 UTC], ["updated_at", 2016-08-12 22:07:54 UTC]]
  [1m[35m (0.2ms)[0m  [1m[35mCOMMIT[0m
  [1m[35m (0.1ms)[0m  [1m[35mBEGIN[0m
  [1m[35mSQL (0.2ms)[0m  [1m[32mINSERT INTO "categories" ("board_id", "name", "created_at", "updated_at") VALUES ($1, $2, $3, $4) RETURNING "id"[0m  [["board_id", 3], ["name", "num 3"], ["created_at", 2016-08-12 22:07:54 UTC], ["updated_at", 2016-08-12 22:07:54 UTC]]
  [1m[35m (0.2ms)[0m  [1m[35mCOMMIT[0m
  [1m[35m (0.1ms)[0m  [1m[35mBEGIN[0m
  [1m[35mSQL (0.2ms)[0m  [1m[32mINSERT INTO "categories" ("board_id", "name", "created_at", "updated_at") VALUES ($1, $2, $3, $4) RETURNING "id"[0m  [["board_id", 4], ["name", "num 4"], ["created_at", 2016-08-12 22:07:54 UTC], ["updated_at", 2016-08-12 22:07:54 UTC]]
  [1m[35m (0.3ms)[0m  [1m[35mCOMMIT[0m
  [1m[35m (0.1ms)[0m  [1m[35mBEGIN[0m
  [1m[35mSQL (0.2ms)[0m  [1m[32mINSERT INTO "categories" ("board_id", "name", "created_at", "updated_at") VALUES ($1, $2, $3, $4) RETURNING "id"[0m  [["board_id", 5], ["name", "num 5"], ["created_at", 2016-08-12 22:07:54 UTC], ["updated_at", 2016-08-12 22:07:54 UTC]]
  [1m[35m (0.3ms)[0m  [1m[35mCOMMIT[0m
  [1m[35m (0.1ms)[0m  [1m[35mBEGIN[0m
  [1m[35mSQL (0.3ms)[0m  [1m[32mINSERT INTO "categories" ("board_id", "name", "created_at", "updated_at") VALUES ($1, $2, $3, $4) RETURNING "id"[0m  [["board_id", 6], ["name", "num 6"], ["created_at", 2016-08-12 22:07:54 UTC], ["updated_at", 2016-08-12 22:07:54 UTC]]
  [1m[35m (0.2ms)[0m  [1m[35mCOMMIT[0m
  [1m[35m (0.1ms)[0m  [1m[35mBEGIN[0m
  [1m[35mSQL (0.4ms)[0m  [1m[32mINSERT INTO "questions" ("category_id", "difficulty", "content", "created_at", "updated_at") VALUES ($1, $2, $3, $4, $5) RETURNING "id"[0m  [["category_id", 1], ["difficulty", 100], ["content", "what is 5+5?"], ["created_at", 2016-08-12 22:07:54 UTC], ["updated_at", 2016-08-12 22:07:54 UTC]]
  [1m[35m (0.2ms)[0m  [1m[35mCOMMIT[0m
  [1m[35m (0.1ms)[0m  [1m[35mBEGIN[0m
  [1m[35mSQL (0.4ms)[0m  [1m[32mINSERT INTO "users" ("first_name", "last_name", "hometown", "password_digest", "tagline", "created_at", "updated_at") VALUES ($1, $2, $3, $4, $5, $6, $7) RETURNING "id"[0m  [["first_name", "flat"], ["last_name", "iron"], ["hometown", "philly"], ["password_digest", "flatiron"], ["tagline", "working"], ["created_at", 2016-08-12 22:07:54 UTC], ["updated_at", 2016-08-12 22:07:54 UTC]]
  [1m[35m (0.3ms)[0m  [1m[35mCOMMIT[0m
  [1m[35m (0.1ms)[0m  [1m[35mBEGIN[0m
  [1m[35mSQL (0.4ms)[0m  [1m[32mINSERT INTO "players" ("board_id", "user_id", "points", "created_at", "updated_at") VALUES ($1, $2, $3, $4, $5) RETURNING "id"[0m  [["board_id", 1], ["user_id", 1], ["points", 100], ["created_at", 2016-08-12 22:07:54 UTC], ["updated_at", 2016-08-12 22:07:54 UTC]]
  [1m[35m (0.3ms)[0m  [1m[35mCOMMIT[0m
  [1m[35m (0.1ms)[0m  [1m[35mBEGIN[0m
  [1m[35mSQL (0.5ms)[0m  [1m[32mINSERT INTO "options" ("question_id", "correct", "content", "created_at", "updated_at") VALUES ($1, $2, $3, $4, $5) RETURNING "id"[0m  [["question_id", 1], ["correct", false], ["content", "5"], ["created_at", 2016-08-12 22:07:54 UTC], ["updated_at", 2016-08-12 22:07:54 UTC]]
  [1m[35m (0.3ms)[0m  [1m[35mCOMMIT[0m
  [1m[35m (0.1ms)[0m  [1m[35mBEGIN[0m
  [1m[35mSQL (0.3ms)[0m  [1m[32mINSERT INTO "options" ("question_id", "correct", "content", "created_at", "updated_at") VALUES ($1, $2, $3, $4, $5) RETURNING "id"[0m  [["question_id", 1], ["correct", false], ["content", "7"], ["created_at", 2016-08-12 22:07:54 UTC], ["updated_at", 2016-08-12 22:07:54 UTC]]
  [1m[35m (0.3ms)[0m  [1m[35mCOMMIT[0m
  [1m[35m (0.1ms)[0m  [1m[35mBEGIN[0m
  [1m[35mSQL (0.2ms)[0m  [1m[32mINSERT INTO "options" ("question_id", "correct", "content", "created_at", "updated_at") VALUES ($1, $2, $3, $4, $5) RETURNING "id"[0m  [["question_id", 1], ["correct", false], ["content", "6"], ["created_at", 2016-08-12 22:07:54 UTC], ["updated_at", 2016-08-12 22:07:54 UTC]]
  [1m[35m (0.3ms)[0m  [1m[35mCOMMIT[0m
  [1m[35m (0.1ms)[0m  [1m[35mBEGIN[0m
  [1m[35mSQL (0.2ms)[0m  [1m[32mINSERT INTO "options" ("question_id", "correct", "content", "created_at", "updated_at") VALUES ($1, $2, $3, $4, $5) RETURNING "id"[0m  [["question_id", 1], ["correct", true], ["content", "10"], ["created_at", 2016-08-12 22:07:54 UTC], ["updated_at", 2016-08-12 22:07:54 UTC]]
  [1m[35m (0.3ms)[0m  [1m[35mCOMMIT[0m
Started GET "/api/v1/boards" for ::1 at 2016-08-12 18:08:10 -0400
  [1m[36mActiveRecord::SchemaMigration Load (0.3ms)[0m  [1m[34mSELECT "schema_migrations".* FROM "schema_migrations"[0m
Processing by Api::V1::BoardsController#index as HTML
  [1m[36mBoard Load (0.4ms)[0m  [1m[34mSELECT "boards".* FROM "boards"[0m
[active_model_serializers]   [1m[36mBoard Load (0.2ms)[0m  [1m[34mSELECT "boards".* FROM "boards"[0m
[active_model_serializers]   [1m[36mBoard Load (0.2ms)[0m  [1m[34mSELECT "boards".* FROM "boards"[0m
[active_model_serializers]   [1m[36mBoard Load (0.2ms)[0m  [1m[34mSELECT "boards".* FROM "boards"[0m
[active_model_serializers]   [1m[36mBoard Load (0.2ms)[0m  [1m[34mSELECT "boards".* FROM "boards"[0m
[active_model_serializers]   [1m[36mBoard Load (0.2ms)[0m  [1m[34mSELECT "boards".* FROM "boards"[0m
[active_model_serializers]   [1m[36mBoard Load (0.2ms)[0m  [1m[34mSELECT "boards".* FROM "boards"[0m
[active_model_serializers] Rendered ActiveModel::Serializer::CollectionSerializer with ActiveModelSerializers::Adapter::JsonApi (7.5ms)
Completed 200 OK in 24ms (Views: 15.2ms | ActiveRecord: 3.8ms)


Started GET "/api/v1/boards" for ::1 at 2016-08-12 18:08:45 -0400
Processing by Api::V1::BoardsController#index as HTML
  [1m[36mBoard Load (0.4ms)[0m  [1m[34mSELECT "boards".* FROM "boards"[0m
[active_model_serializers]   [1m[36mCACHE (0.0ms)[0m  [1m[34mSELECT "boards".* FROM "boards"[0m
[active_model_serializers]   [1m[36mCACHE (0.0ms)[0m  [1m[34mSELECT "boards".* FROM "boards"[0m
[active_model_serializers]   [1m[36mCACHE (0.0ms)[0m  [1m[34mSELECT "boards".* FROM "boards"[0m
[active_model_serializers]   [1m[36mCACHE (0.0ms)[0m  [1m[34mSELECT "boards".* FROM "boards"[0m
[active_model_serializers]   [1m[36mCACHE (0.0ms)[0m  [1m[34mSELECT "boards".* FROM "boards"[0m
[active_model_serializers]   [1m[36mCACHE (0.0ms)[0m  [1m[34mSELECT "boards".* FROM "boards"[0m
[active_model_serializers] Rendered ActiveModel::Serializer::CollectionSerializer with ActiveModelSerializers::Adapter::JsonApi (4.67ms)
Completed 200 OK in 18ms (Views: 9.8ms | ActiveRecord: 2.6ms)


Started GET "/api/v1/boards" for ::1 at 2016-08-12 18:09:20 -0400
Processing by Api::V1::BoardsController#index as HTML
  [1m[36mBoard Load (0.3ms)[0m  [1m[34mSELECT "boards".* FROM "boards"[0m
[active_model_serializers] Rendered ActiveModel::Serializer::CollectionSerializer with ActiveModelSerializers::Adapter::JsonApi (1.85ms)
Completed 200 OK in 13ms (Views: 6.5ms | ActiveRecord: 2.6ms)


Started GET "/api/v1/boards" for ::1 at 2016-08-12 18:10:54 -0400
Processing by Api::V1::BoardsController#index as HTML
  [1m[36mBoard Load (0.2ms)[0m  [1m[34mSELECT "boards".* FROM "boards"[0m
[active_model_serializers]   [1m[36mCACHE (0.0ms)[0m  [1m[34mSELECT "boards".* FROM "boards"[0m
[active_model_serializers]   [1m[36mCACHE (0.0ms)[0m  [1m[34mSELECT "boards".* FROM "boards"[0m
[active_model_serializers]   [1m[36mCACHE (0.0ms)[0m  [1m[34mSELECT "boards".* FROM "boards"[0m
[active_model_serializers]   [1m[36mCACHE (0.0ms)[0m  [1m[34mSELECT "boards".* FROM "boards"[0m
[active_model_serializers]   [1m[36mCACHE (0.0ms)[0m  [1m[34mSELECT "boards".* FROM "boards"[0m
[active_model_serializers]   [1m[36mCACHE (0.0ms)[0m  [1m[34mSELECT "boards".* FROM "boards"[0m
[active_model_serializers] Rendered ActiveModel::Serializer::CollectionSerializer with ActiveModelSerializers::Adapter::JsonApi (4.72ms)
Completed 200 OK in 15ms (Views: 9.2ms | ActiveRecord: 2.1ms)


Started GET "/api/v1/boards" for ::1 at 2016-08-12 18:11:14 -0400
Processing by Api::V1::BoardsController#index as HTML
  [1m[36mBoard Load (0.4ms)[0m  [1m[34mSELECT  "boards".* FROM "boards" ORDER BY "boards"."id" ASC LIMIT $1[0m  [["LIMIT", 1]]
[active_model_serializers] Rendered BoardSerializer with ActiveModelSerializers::Adapter::JsonApi (0.62ms)
Completed 200 OK in 13ms (Views: 1.6ms | ActiveRecord: 2.5ms)


Started GET "/api/v1/boards" for ::1 at 2016-08-12 18:11:25 -0400
Processing by Api::V1::BoardsController#index as HTML
  [1m[36mBoard Load (0.2ms)[0m  [1m[34mSELECT  "boards".* FROM "boards" ORDER BY "boards"."id" ASC LIMIT $1[0m  [["LIMIT", 1]]
[active_model_serializers]   [1m[36mBoard Load (0.2ms)[0m  [1m[34mSELECT "boards".* FROM "boards"[0m
[active_model_serializers] Rendered BoardSerializer with ActiveModelSerializers::Adapter::JsonApi (1.39ms)
Completed 200 OK in 11ms (Views: 2.1ms | ActiveRecord: 2.3ms)


Started GET "/api/v1/boards" for ::1 at 2016-08-12 18:14:27 -0400
Processing by Api::V1::BoardsController#index as HTML
  [1m[36mBoard Load (0.2ms)[0m  [1m[34mSELECT "boards".* FROM "boards"[0m
Completed 500 Internal Server Error in 16ms (ActiveRecord: 2.1ms)


  
NoMethodError (undefined method `key?' for :players:Symbol):
  
app/serializers/board_serializer.rb:3:in `<class:BoardSerializer>'
app/serializers/board_serializer.rb:1:in `<top (required)>'
app/controllers/api/v1/boards_controller.rb:6:in `index'
